[2015.12.18 18:39:36][ERROR] RdsDeployer.java(279) - Cannot partially upload or reinstall
org.eclipse.core.runtime.CoreException: [RDS] Cannot install application
	at org.tizen.common.rds.RdsDeployer.newCoreException(RdsDeployer.java:708)
	at org.tizen.common.rds.RdsDeployer.postInstall(RdsDeployer.java:643)
	at org.tizen.common.rds.RdsDeployer.partialZipInstall(RdsDeployer.java:575)
	at org.tizen.common.rds.RdsDeployer.deploy(RdsDeployer.java:277)
	at org.tizen.web.zimlaunch.step.RdsStep.runRds(RdsStep.java:225)
	at org.tizen.web.zimlaunch.step.RdsStep.executeStep(RdsStep.java:139)
	at org.tizen.web.zimlaunch.core.CompositeStep.executeStep(CompositeStep.java:112)
	at org.tizen.web.zimlaunch.deployer.ZimLaunchDelegate.launch(ZimLaunchDelegate.java:258)
	at org.eclipse.debug.internal.core.LaunchConfiguration.launch(LaunchConfiguration.java:858)
	at org.eclipse.debug.internal.core.LaunchConfiguration.launch(LaunchConfiguration.java:707)
	at org.eclipse.debug.internal.ui.DebugUIPlugin.buildAndLaunch(DebugUIPlugin.java:1018)
	at org.eclipse.debug.internal.ui.DebugUIPlugin$8.run(DebugUIPlugin.java:1222)
	at org.eclipse.core.internal.jobs.Worker.run(Worker.java:53)
Caused by: org.tizen.common.sdb.command.message.CommandErrorException: 
Error code: PACKAGE_INVALID
Error message: File is missed /opt/usr/apps/46J9YIYa8s/res/wgt/Videocall.wgt
Command: /usr/bin/pkgcmd -q -r -t wgt -n 46J9YIYa8s
Management: Check package components in Project Explorer.

	at org.tizen.common.sdb.command.message.PkgcmdErrorType.makeException(PkgcmdErrorType.java:91)
	at org.tizen.common.sdb.command.SdbCommand.runCommand(SdbCommand.java:157)
	at org.tizen.common.rds.RdsDeployer.postInstall(RdsDeployer.java:638)
	... 11 more
