[2015.12.03 13:02:06][ERROR] RdsDeployer.java(279) - Cannot partially upload or reinstall
org.eclipse.core.runtime.CoreException: [RDS] Cannot install application
	at org.tizen.common.rds.RdsDeployer.newCoreException(RdsDeployer.java:708)
	at org.tizen.common.rds.RdsDeployer.postInstall(RdsDeployer.java:643)
	at org.tizen.common.rds.RdsDeployer.partialZipInstall(RdsDeployer.java:575)
	at org.tizen.common.rds.RdsDeployer.deploy(RdsDeployer.java:277)
	at org.tizen.web.zimlaunch.step.RdsStep.runRds(RdsStep.java:225)
	at org.tizen.web.zimlaunch.step.RdsStep.executeStep(RdsStep.java:139)
	at org.tizen.web.zimlaunch.core.CompositeStep.executeStep(CompositeStep.java:112)
	at org.tizen.web.zimlaunch.deployer.ZimLaunchDelegate.launch(ZimLaunchDelegate.java:258)
	at org.eclipse.debug.internal.core.LaunchConfiguration.launch(LaunchConfiguration.java:858)
	at org.eclipse.debug.internal.core.LaunchConfiguration.launch(LaunchConfiguration.java:707)
	at org.eclipse.debug.internal.ui.DebugUIPlugin.buildAndLaunch(DebugUIPlugin.java:1018)
	at org.eclipse.debug.internal.ui.DebugUIPlugin$8.run(DebugUIPlugin.java:1222)
	at org.eclipse.core.internal.jobs.Worker.run(Worker.java:53)
Caused by: org.tizen.common.sdb.command.message.CommandErrorException: 
Error code: PACKAGE_INVALID
Error message: File is missed /opt/usr/apps/LqiI8g3Kbg/res/wgt/Basic.wgt
Command: /usr/bin/pkgcmd -q -r -t wgt -n LqiI8g3Kbg
Management: Check package components in Project Explorer.

	at org.tizen.common.sdb.command.message.PkgcmdErrorType.makeException(PkgcmdErrorType.java:91)
	at org.tizen.common.sdb.command.SdbCommand.runCommand(SdbCommand.java:157)
	at org.tizen.common.rds.RdsDeployer.postInstall(RdsDeployer.java:638)
	... 11 more
[2015.12.04 11:25:41][ERROR] RdsDeployer.java(279) - Cannot partially upload or reinstall
org.eclipse.core.runtime.CoreException: [RDS] Cannot install application
	at org.tizen.common.rds.RdsDeployer.newCoreException(RdsDeployer.java:708)
	at org.tizen.common.rds.RdsDeployer.postInstall(RdsDeployer.java:643)
	at org.tizen.common.rds.RdsDeployer.partialZipInstall(RdsDeployer.java:575)
	at org.tizen.common.rds.RdsDeployer.deploy(RdsDeployer.java:277)
	at org.tizen.nativecommon.launch.TizenLaunchDelegate2.deployApplication(TizenLaunchDelegate2.java:859)
	at org.tizen.nativecommon.launch.TizenLaunchDelegate2.launchApplicationForRun(TizenLaunchDelegate2.java:560)
	at org.tizen.nativecommon.launch.TizenLaunchDelegate2.launch(TizenLaunchDelegate2.java:240)
	at org.eclipse.debug.internal.core.LaunchConfiguration.launch(LaunchConfiguration.java:858)
	at org.eclipse.debug.internal.core.LaunchConfiguration.launch(LaunchConfiguration.java:707)
	at org.eclipse.debug.internal.ui.DebugUIPlugin.buildAndLaunch(DebugUIPlugin.java:1018)
	at org.eclipse.debug.internal.ui.DebugUIPlugin$8.run(DebugUIPlugin.java:1222)
	at org.eclipse.core.internal.jobs.Worker.run(Worker.java:53)
Caused by: org.tizen.common.sdb.command.message.CommandErrorException: 
Error code: FATAL_ERROR
Error message: 
Command: /usr/bin/pkgcmd -q -r -t tpk -n org.tizen.dict
Management: Installation or uninstallation is not working temporarily.

	at org.tizen.common.sdb.command.message.PkgcmdErrorType.makeException(PkgcmdErrorType.java:91)
	at org.tizen.common.sdb.command.SdbCommand.runCommand(SdbCommand.java:157)
	at org.tizen.common.rds.RdsDeployer.postInstall(RdsDeployer.java:638)
	... 10 more
[2015.12.04 11:48:29][ERROR] RdsDeployer.java(279) - Cannot partially upload or reinstall
org.eclipse.core.runtime.CoreException: [RDS] Cannot install application
	at org.tizen.common.rds.RdsDeployer.newCoreException(RdsDeployer.java:708)
	at org.tizen.common.rds.RdsDeployer.postInstall(RdsDeployer.java:643)
	at org.tizen.common.rds.RdsDeployer.partialZipInstall(RdsDeployer.java:575)
	at org.tizen.common.rds.RdsDeployer.deploy(RdsDeployer.java:277)
	at org.tizen.nativecommon.launch.TizenLaunchDelegate2.deployApplication(TizenLaunchDelegate2.java:859)
	at org.tizen.nativecommon.launch.TizenLaunchDelegate2.launchApplicationForRun(TizenLaunchDelegate2.java:560)
	at org.tizen.nativecommon.launch.TizenLaunchDelegate2.launch(TizenLaunchDelegate2.java:240)
	at org.eclipse.debug.internal.core.LaunchConfiguration.launch(LaunchConfiguration.java:858)
	at org.eclipse.debug.internal.core.LaunchConfiguration.launch(LaunchConfiguration.java:707)
	at org.eclipse.debug.internal.ui.DebugUIPlugin.buildAndLaunch(DebugUIPlugin.java:1018)
	at org.eclipse.debug.internal.ui.DebugUIPlugin$8.run(DebugUIPlugin.java:1222)
	at org.eclipse.core.internal.jobs.Worker.run(Worker.java:53)
Caused by: org.tizen.common.sdb.command.message.CommandErrorException: 
Error code: FATAL_ERROR
Error message: 
Command: /usr/bin/pkgcmd -q -r -t tpk -n org.tizen.dict
Management: Installation or uninstallation is not working temporarily.

	at org.tizen.common.sdb.command.message.PkgcmdErrorType.makeException(PkgcmdErrorType.java:91)
	at org.tizen.common.sdb.command.SdbCommand.runCommand(SdbCommand.java:157)
	at org.tizen.common.rds.RdsDeployer.postInstall(RdsDeployer.java:638)
	... 10 more
[2015.12.04 11:51:06][ERROR] RdsDeployer.java(279) - Cannot partially upload or reinstall
org.eclipse.core.runtime.CoreException: [RDS] Cannot install application
	at org.tizen.common.rds.RdsDeployer.newCoreException(RdsDeployer.java:708)
	at org.tizen.common.rds.RdsDeployer.postInstall(RdsDeployer.java:643)
	at org.tizen.common.rds.RdsDeployer.partialZipInstall(RdsDeployer.java:575)
	at org.tizen.common.rds.RdsDeployer.deploy(RdsDeployer.java:277)
	at org.tizen.nativecommon.launch.TizenLaunchDelegate2.deployApplication(TizenLaunchDelegate2.java:859)
	at org.tizen.nativecommon.launch.TizenLaunchDelegate2.launchApplicationForRun(TizenLaunchDelegate2.java:560)
	at org.tizen.nativecommon.launch.TizenLaunchDelegate2.launch(TizenLaunchDelegate2.java:240)
	at org.eclipse.debug.internal.core.LaunchConfiguration.launch(LaunchConfiguration.java:858)
	at org.eclipse.debug.internal.core.LaunchConfiguration.launch(LaunchConfiguration.java:707)
	at org.eclipse.debug.internal.ui.DebugUIPlugin.buildAndLaunch(DebugUIPlugin.java:1018)
	at org.eclipse.debug.internal.ui.DebugUIPlugin$8.run(DebugUIPlugin.java:1222)
	at org.eclipse.core.internal.jobs.Worker.run(Worker.java:53)
Caused by: org.tizen.common.sdb.command.message.CommandErrorException: 
Error code: FATAL_ERROR
Error message: 
Command: /usr/bin/pkgcmd -q -r -t tpk -n org.tizen.dict
Management: Installation or uninstallation is not working temporarily.

	at org.tizen.common.sdb.command.message.PkgcmdErrorType.makeException(PkgcmdErrorType.java:91)
	at org.tizen.common.sdb.command.SdbCommand.runCommand(SdbCommand.java:157)
	at org.tizen.common.rds.RdsDeployer.postInstall(RdsDeployer.java:638)
	... 10 more
[2015.12.04 11:53:30][ERROR] NativeCoreConfigurationManager.java(1527) - Failed to resolve build option to String
org.eclipse.cdt.managedbuilder.core.BuildException: Type of option value is inconsistent with option type
	at org.eclipse.cdt.managedbuilder.internal.core.Option.getStringValue(Option.java:1542)
	at org.tizen.nativecore.build.NativeCoreConfigurationManager.resolveToString(NativeCoreConfigurationManager.java:1517)
	at org.tizen.nativecore.build.NativeCoreConfigurationManager.getEdcCompilerFontDirFullPath(NativeCoreConfigurationManager.java:1511)
	at org.tizen.nativecore.enventor.Launcher.getOptions(Launcher.java:148)
	at org.tizen.nativecore.enventor.Launcher.getCommand(Launcher.java:137)
	at org.tizen.nativecore.enventor.Launcher.access$0(Launcher.java:129)
	at org.tizen.nativecore.enventor.Launcher$1.run(Launcher.java:79)
	at java.lang.Thread.run(Thread.java:745)
[2015.12.04 11:53:30][ERROR] NativeCoreConfigurationManager.java(1527) - Failed to resolve build option to String
org.eclipse.cdt.managedbuilder.core.BuildException: Type of option value is inconsistent with option type
	at org.eclipse.cdt.managedbuilder.internal.core.Option.getStringValue(Option.java:1542)
	at org.tizen.nativecore.build.NativeCoreConfigurationManager.resolveToString(NativeCoreConfigurationManager.java:1517)
	at org.tizen.nativecore.build.NativeCoreConfigurationManager.getEdcCompilerImageDirFullPath(NativeCoreConfigurationManager.java:1491)
	at org.tizen.nativecore.enventor.Launcher.getOptions(Launcher.java:149)
	at org.tizen.nativecore.enventor.Launcher.getCommand(Launcher.java:137)
	at org.tizen.nativecore.enventor.Launcher.access$0(Launcher.java:129)
	at org.tizen.nativecore.enventor.Launcher$1.run(Launcher.java:79)
	at java.lang.Thread.run(Thread.java:745)
[2015.12.04 11:53:30][ERROR] NativeCoreConfigurationManager.java(1527) - Failed to resolve build option to String
org.eclipse.cdt.managedbuilder.core.BuildException: Type of option value is inconsistent with option type
	at org.eclipse.cdt.managedbuilder.internal.core.Option.getStringValue(Option.java:1542)
	at org.tizen.nativecore.build.NativeCoreConfigurationManager.resolveToString(NativeCoreConfigurationManager.java:1517)
	at org.tizen.nativecore.build.NativeCoreConfigurationManager.getEdcCompilerSoundDirFullPath(NativeCoreConfigurationManager.java:1501)
	at org.tizen.nativecore.enventor.Launcher.getOptions(Launcher.java:150)
	at org.tizen.nativecore.enventor.Launcher.getCommand(Launcher.java:137)
	at org.tizen.nativecore.enventor.Launcher.access$0(Launcher.java:129)
	at org.tizen.nativecore.enventor.Launcher$1.run(Launcher.java:79)
	at java.lang.Thread.run(Thread.java:745)
[2015.12.04 11:56:51][ERROR] RdsDeployer.java(279) - Cannot partially upload or reinstall
org.eclipse.core.runtime.CoreException: [RDS] Cannot install application
	at org.tizen.common.rds.RdsDeployer.newCoreException(RdsDeployer.java:708)
	at org.tizen.common.rds.RdsDeployer.postInstall(RdsDeployer.java:643)
	at org.tizen.common.rds.RdsDeployer.partialZipInstall(RdsDeployer.java:575)
	at org.tizen.common.rds.RdsDeployer.deploy(RdsDeployer.java:277)
	at org.tizen.nativecommon.launch.TizenLaunchDelegate2.deployApplication(TizenLaunchDelegate2.java:859)
	at org.tizen.nativecommon.launch.TizenLaunchDelegate2.launchApplicationForRun(TizenLaunchDelegate2.java:560)
	at org.tizen.nativecommon.launch.TizenLaunchDelegate2.launch(TizenLaunchDelegate2.java:240)
	at org.eclipse.debug.internal.core.LaunchConfiguration.launch(LaunchConfiguration.java:858)
	at org.eclipse.debug.internal.core.LaunchConfiguration.launch(LaunchConfiguration.java:707)
	at org.eclipse.debug.internal.ui.DebugUIPlugin.buildAndLaunch(DebugUIPlugin.java:1018)
	at org.eclipse.debug.internal.ui.DebugUIPlugin$8.run(DebugUIPlugin.java:1222)
	at org.eclipse.core.internal.jobs.Worker.run(Worker.java:53)
Caused by: org.tizen.common.sdb.command.message.CommandErrorException: 
Error code: FATAL_ERROR
Error message: 
Command: /usr/bin/pkgcmd -q -r -t tpk -n org.tizen.dict
Management: Installation or uninstallation is not working temporarily.

	at org.tizen.common.sdb.command.message.PkgcmdErrorType.makeException(PkgcmdErrorType.java:91)
	at org.tizen.common.sdb.command.SdbCommand.runCommand(SdbCommand.java:157)
	at org.tizen.common.rds.RdsDeployer.postInstall(RdsDeployer.java:638)
	... 10 more
[2015.12.04 11:59:06][ERROR] RdsDeployer.java(279) - Cannot partially upload or reinstall
org.eclipse.core.runtime.CoreException: [RDS] Cannot install application
	at org.tizen.common.rds.RdsDeployer.newCoreException(RdsDeployer.java:708)
	at org.tizen.common.rds.RdsDeployer.postInstall(RdsDeployer.java:643)
	at org.tizen.common.rds.RdsDeployer.partialZipInstall(RdsDeployer.java:575)
	at org.tizen.common.rds.RdsDeployer.deploy(RdsDeployer.java:277)
	at org.tizen.nativecommon.launch.TizenLaunchDelegate2.deployApplication(TizenLaunchDelegate2.java:859)
	at org.tizen.nativecommon.launch.TizenLaunchDelegate2.launchApplicationForRun(TizenLaunchDelegate2.java:560)
	at org.tizen.nativecommon.launch.TizenLaunchDelegate2.launch(TizenLaunchDelegate2.java:240)
	at org.eclipse.debug.internal.core.LaunchConfiguration.launch(LaunchConfiguration.java:858)
	at org.eclipse.debug.internal.core.LaunchConfiguration.launch(LaunchConfiguration.java:707)
	at org.eclipse.debug.internal.ui.DebugUIPlugin.buildAndLaunch(DebugUIPlugin.java:1018)
	at org.eclipse.debug.internal.ui.DebugUIPlugin$8.run(DebugUIPlugin.java:1222)
	at org.eclipse.core.internal.jobs.Worker.run(Worker.java:53)
Caused by: org.tizen.common.sdb.command.message.CommandErrorException: 
Error code: FATAL_ERROR
Error message: 
Command: /usr/bin/pkgcmd -q -r -t tpk -n org.tizen.dict
Management: Installation or uninstallation is not working temporarily.

	at org.tizen.common.sdb.command.message.PkgcmdErrorType.makeException(PkgcmdErrorType.java:91)
	at org.tizen.common.sdb.command.SdbCommand.runCommand(SdbCommand.java:157)
	at org.tizen.common.rds.RdsDeployer.postInstall(RdsDeployer.java:638)
	... 10 more
[2015.12.04 12:41:15][ERROR] RdsDeployer.java(279) - Cannot partially upload or reinstall
org.eclipse.core.runtime.CoreException: [RDS] Cannot install application
	at org.tizen.common.rds.RdsDeployer.newCoreException(RdsDeployer.java:708)
	at org.tizen.common.rds.RdsDeployer.postInstall(RdsDeployer.java:643)
	at org.tizen.common.rds.RdsDeployer.partialZipInstall(RdsDeployer.java:575)
	at org.tizen.common.rds.RdsDeployer.deploy(RdsDeployer.java:277)
	at org.tizen.nativecommon.launch.TizenLaunchDelegate2.deployApplication(TizenLaunchDelegate2.java:859)
	at org.tizen.nativecommon.launch.TizenLaunchDelegate2.launchApplicationForRun(TizenLaunchDelegate2.java:560)
	at org.tizen.nativecommon.launch.TizenLaunchDelegate2.launch(TizenLaunchDelegate2.java:240)
	at org.eclipse.debug.internal.core.LaunchConfiguration.launch(LaunchConfiguration.java:858)
	at org.eclipse.debug.internal.core.LaunchConfiguration.launch(LaunchConfiguration.java:707)
	at org.eclipse.debug.internal.ui.DebugUIPlugin.buildAndLaunch(DebugUIPlugin.java:1018)
	at org.eclipse.debug.internal.ui.DebugUIPlugin$8.run(DebugUIPlugin.java:1222)
	at org.eclipse.core.internal.jobs.Worker.run(Worker.java:53)
Caused by: org.tizen.common.sdb.command.message.CommandErrorException: 
Error code: FATAL_ERROR
Error message: 
Command: /usr/bin/pkgcmd -q -r -t tpk -n org.tizen.dict
Management: Installation or uninstallation is not working temporarily.

	at org.tizen.common.sdb.command.message.PkgcmdErrorType.makeException(PkgcmdErrorType.java:91)
	at org.tizen.common.sdb.command.SdbCommand.runCommand(SdbCommand.java:157)
	at org.tizen.common.rds.RdsDeployer.postInstall(RdsDeployer.java:638)
	... 10 more
[2015.12.04 12:45:21][ERROR] RdsDeployer.java(279) - Cannot partially upload or reinstall
org.eclipse.core.runtime.CoreException: [RDS] Cannot install application
	at org.tizen.common.rds.RdsDeployer.newCoreException(RdsDeployer.java:708)
	at org.tizen.common.rds.RdsDeployer.postInstall(RdsDeployer.java:643)
	at org.tizen.common.rds.RdsDeployer.partialZipInstall(RdsDeployer.java:575)
	at org.tizen.common.rds.RdsDeployer.deploy(RdsDeployer.java:277)
	at org.tizen.nativecommon.launch.TizenLaunchDelegate2.deployApplication(TizenLaunchDelegate2.java:859)
	at org.tizen.nativecommon.launch.TizenLaunchDelegate2.launchApplicationForRun(TizenLaunchDelegate2.java:560)
	at org.tizen.nativecommon.launch.TizenLaunchDelegate2.launch(TizenLaunchDelegate2.java:240)
	at org.eclipse.debug.internal.core.LaunchConfiguration.launch(LaunchConfiguration.java:858)
	at org.eclipse.debug.internal.core.LaunchConfiguration.launch(LaunchConfiguration.java:707)
	at org.eclipse.debug.internal.ui.DebugUIPlugin.buildAndLaunch(DebugUIPlugin.java:1018)
	at org.eclipse.debug.internal.ui.DebugUIPlugin$8.run(DebugUIPlugin.java:1222)
	at org.eclipse.core.internal.jobs.Worker.run(Worker.java:53)
Caused by: org.tizen.common.sdb.command.message.CommandErrorException: 
Error code: FATAL_ERROR
Error message: 
Command: /usr/bin/pkgcmd -q -r -t tpk -n org.tizen.dict
Management: Installation or uninstallation is not working temporarily.

	at org.tizen.common.sdb.command.message.PkgcmdErrorType.makeException(PkgcmdErrorType.java:91)
	at org.tizen.common.sdb.command.SdbCommand.runCommand(SdbCommand.java:157)
	at org.tizen.common.rds.RdsDeployer.postInstall(RdsDeployer.java:638)
	... 10 more
[2015.12.04 12:46:40][ERROR] RdsDeployer.java(279) - Cannot partially upload or reinstall
org.eclipse.core.runtime.CoreException: [RDS] Cannot install application
	at org.tizen.common.rds.RdsDeployer.newCoreException(RdsDeployer.java:708)
	at org.tizen.common.rds.RdsDeployer.postInstall(RdsDeployer.java:643)
	at org.tizen.common.rds.RdsDeployer.partialZipInstall(RdsDeployer.java:575)
	at org.tizen.common.rds.RdsDeployer.deploy(RdsDeployer.java:277)
	at org.tizen.nativecommon.launch.TizenLaunchDelegate2.deployApplication(TizenLaunchDelegate2.java:859)
	at org.tizen.nativecommon.launch.TizenLaunchDelegate2.launchApplicationForRun(TizenLaunchDelegate2.java:560)
	at org.tizen.nativecommon.launch.TizenLaunchDelegate2.launch(TizenLaunchDelegate2.java:240)
	at org.eclipse.debug.internal.core.LaunchConfiguration.launch(LaunchConfiguration.java:858)
	at org.eclipse.debug.internal.core.LaunchConfiguration.launch(LaunchConfiguration.java:707)
	at org.eclipse.debug.internal.ui.DebugUIPlugin.buildAndLaunch(DebugUIPlugin.java:1018)
	at org.eclipse.debug.internal.ui.DebugUIPlugin$8.run(DebugUIPlugin.java:1222)
	at org.eclipse.core.internal.jobs.Worker.run(Worker.java:53)
Caused by: org.tizen.common.sdb.command.message.CommandErrorException: 
Error code: FATAL_ERROR
Error message: 
Command: /usr/bin/pkgcmd -q -r -t tpk -n org.tizen.dict
Management: Installation or uninstallation is not working temporarily.

	at org.tizen.common.sdb.command.message.PkgcmdErrorType.makeException(PkgcmdErrorType.java:91)
	at org.tizen.common.sdb.command.SdbCommand.runCommand(SdbCommand.java:157)
	at org.tizen.common.rds.RdsDeployer.postInstall(RdsDeployer.java:638)
	... 10 more
[2015.12.04 12:51:12][ERROR] RdsDeployer.java(279) - Cannot partially upload or reinstall
org.eclipse.core.runtime.CoreException: [RDS] Cannot install application
	at org.tizen.common.rds.RdsDeployer.newCoreException(RdsDeployer.java:708)
	at org.tizen.common.rds.RdsDeployer.postInstall(RdsDeployer.java:643)
	at org.tizen.common.rds.RdsDeployer.partialZipInstall(RdsDeployer.java:575)
	at org.tizen.common.rds.RdsDeployer.deploy(RdsDeployer.java:277)
	at org.tizen.nativecommon.launch.TizenLaunchDelegate2.deployApplication(TizenLaunchDelegate2.java:859)
	at org.tizen.nativecommon.launch.TizenLaunchDelegate2.launchApplicationForRun(TizenLaunchDelegate2.java:560)
	at org.tizen.nativecommon.launch.TizenLaunchDelegate2.launch(TizenLaunchDelegate2.java:240)
	at org.eclipse.debug.internal.core.LaunchConfiguration.launch(LaunchConfiguration.java:858)
	at org.eclipse.debug.internal.core.LaunchConfiguration.launch(LaunchConfiguration.java:707)
	at org.eclipse.debug.internal.ui.DebugUIPlugin.buildAndLaunch(DebugUIPlugin.java:1018)
	at org.eclipse.debug.internal.ui.DebugUIPlugin$8.run(DebugUIPlugin.java:1222)
	at org.eclipse.core.internal.jobs.Worker.run(Worker.java:53)
Caused by: org.tizen.common.sdb.command.message.CommandErrorException: 
Error code: FATAL_ERROR
Error message: 
Command: /usr/bin/pkgcmd -q -r -t tpk -n org.tizen.dict
Management: Installation or uninstallation is not working temporarily.

	at org.tizen.common.sdb.command.message.PkgcmdErrorType.makeException(PkgcmdErrorType.java:91)
	at org.tizen.common.sdb.command.SdbCommand.runCommand(SdbCommand.java:157)
	at org.tizen.common.rds.RdsDeployer.postInstall(RdsDeployer.java:638)
	... 10 more
[2015.12.04 12:51:58][ERROR] RdsDeployer.java(279) - Cannot partially upload or reinstall
org.eclipse.core.runtime.CoreException: [RDS] Cannot install application
	at org.tizen.common.rds.RdsDeployer.newCoreException(RdsDeployer.java:708)
	at org.tizen.common.rds.RdsDeployer.postInstall(RdsDeployer.java:643)
	at org.tizen.common.rds.RdsDeployer.partialZipInstall(RdsDeployer.java:575)
	at org.tizen.common.rds.RdsDeployer.deploy(RdsDeployer.java:277)
	at org.tizen.nativecommon.launch.TizenLaunchDelegate2.deployApplication(TizenLaunchDelegate2.java:859)
	at org.tizen.nativecommon.launch.TizenLaunchDelegate2.launchApplicationForRun(TizenLaunchDelegate2.java:560)
	at org.tizen.nativecommon.launch.TizenLaunchDelegate2.launch(TizenLaunchDelegate2.java:240)
	at org.eclipse.debug.internal.core.LaunchConfiguration.launch(LaunchConfiguration.java:858)
	at org.eclipse.debug.internal.core.LaunchConfiguration.launch(LaunchConfiguration.java:707)
	at org.eclipse.debug.internal.ui.DebugUIPlugin.buildAndLaunch(DebugUIPlugin.java:1018)
	at org.eclipse.debug.internal.ui.DebugUIPlugin$8.run(DebugUIPlugin.java:1222)
	at org.eclipse.core.internal.jobs.Worker.run(Worker.java:53)
Caused by: org.tizen.common.sdb.command.message.CommandErrorException: 
Error code: FATAL_ERROR
Error message: 
Command: /usr/bin/pkgcmd -q -r -t tpk -n org.tizen.dict
Management: Installation or uninstallation is not working temporarily.

	at org.tizen.common.sdb.command.message.PkgcmdErrorType.makeException(PkgcmdErrorType.java:91)
	at org.tizen.common.sdb.command.SdbCommand.runCommand(SdbCommand.java:157)
	at org.tizen.common.rds.RdsDeployer.postInstall(RdsDeployer.java:638)
	... 10 more
[2015.12.04 12:55:14][ERROR] RdsDeployer.java(279) - Cannot partially upload or reinstall
org.eclipse.core.runtime.CoreException: [RDS] Cannot install application
	at org.tizen.common.rds.RdsDeployer.newCoreException(RdsDeployer.java:708)
	at org.tizen.common.rds.RdsDeployer.postInstall(RdsDeployer.java:643)
	at org.tizen.common.rds.RdsDeployer.partialZipInstall(RdsDeployer.java:575)
	at org.tizen.common.rds.RdsDeployer.deploy(RdsDeployer.java:277)
	at org.tizen.nativecommon.launch.TizenLaunchDelegate2.deployApplication(TizenLaunchDelegate2.java:859)
	at org.tizen.nativecommon.launch.TizenLaunchDelegate2.launchApplicationForRun(TizenLaunchDelegate2.java:560)
	at org.tizen.nativecommon.launch.TizenLaunchDelegate2.launch(TizenLaunchDelegate2.java:240)
	at org.eclipse.debug.internal.core.LaunchConfiguration.launch(LaunchConfiguration.java:858)
	at org.eclipse.debug.internal.core.LaunchConfiguration.launch(LaunchConfiguration.java:707)
	at org.eclipse.debug.internal.ui.DebugUIPlugin.buildAndLaunch(DebugUIPlugin.java:1018)
	at org.eclipse.debug.internal.ui.DebugUIPlugin$8.run(DebugUIPlugin.java:1222)
	at org.eclipse.core.internal.jobs.Worker.run(Worker.java:53)
Caused by: org.tizen.common.sdb.command.message.CommandErrorException: 
Error code: FATAL_ERROR
Error message: 
Command: /usr/bin/pkgcmd -q -r -t tpk -n org.tizen.dict
Management: Installation or uninstallation is not working temporarily.

	at org.tizen.common.sdb.command.message.PkgcmdErrorType.makeException(PkgcmdErrorType.java:91)
	at org.tizen.common.sdb.command.SdbCommand.runCommand(SdbCommand.java:157)
	at org.tizen.common.rds.RdsDeployer.postInstall(RdsDeployer.java:638)
	... 10 more
