[2015.12.16 15:59:05][ERROR] RdsDeployer.java(279) - Cannot partially upload or reinstall
org.eclipse.core.runtime.CoreException: [RDS] Cannot install application
	at org.tizen.common.rds.RdsDeployer.newCoreException(RdsDeployer.java:708)
	at org.tizen.common.rds.RdsDeployer.postInstall(RdsDeployer.java:643)
	at org.tizen.common.rds.RdsDeployer.partialZipInstall(RdsDeployer.java:575)
	at org.tizen.common.rds.RdsDeployer.deploy(RdsDeployer.java:277)
	at org.tizen.nativecommon.launch.TizenLaunchDelegate2.deployApplication(TizenLaunchDelegate2.java:859)
	at org.tizen.nativecommon.launch.TizenLaunchDelegate2.launchApplicationForRun(TizenLaunchDelegate2.java:560)
	at org.tizen.nativecommon.launch.TizenLaunchDelegate2.launch(TizenLaunchDelegate2.java:240)
	at org.eclipse.debug.internal.core.LaunchConfiguration.launch(LaunchConfiguration.java:858)
	at org.eclipse.debug.internal.core.LaunchConfiguration.launch(LaunchConfiguration.java:707)
	at org.eclipse.debug.internal.ui.DebugUIPlugin.buildAndLaunch(DebugUIPlugin.java:1018)
	at org.eclipse.debug.internal.ui.DebugUIPlugin$8.run(DebugUIPlugin.java:1222)
	at org.eclipse.core.internal.jobs.Worker.run(Worker.java:53)
Caused by: org.tizen.common.sdb.command.message.CommandErrorException: 
Error code: PRIVILEGE_UNKNOWN_FAILED
Error message: Check tizen-manifest.xml
 - Current api-version = 2.4,
   certificate signature level = public

[NO_EXIST_PRIVILEGE]
 - http://tizen.org/privilege/mediahistory.admin
   >> Check spelling or remove the privilege.


Command: /usr/bin/pkgcmd -q -r -t tpk -n org.tizen.dict
Management: Using unknown privilege.

	at org.tizen.common.sdb.command.message.PkgcmdErrorType.makeException(PkgcmdErrorType.java:91)
	at org.tizen.common.sdb.command.SdbCommand.runCommand(SdbCommand.java:157)
	at org.tizen.common.rds.RdsDeployer.postInstall(RdsDeployer.java:638)
	... 10 more
[2015.12.16 16:18:27][ERROR] Log4JLoggerFactory.java(96) - Template processing error: "Expression jQueryMobile_CSS is undefined on line 10, column 36 in index.html.template."

Expression jQueryMobile_CSS is undefined on line 10, column 36 in index.html.template.
The problematic instruction:
----------
==> ${jQueryMobile_CSS} [on line 10, column 34 in index.html.template]
----------

Java backtrace for programmers:
----------
freemarker.core.InvalidReferenceException: Expression jQueryMobile_CSS is undefined on line 10, column 36 in index.html.template.
	at freemarker.core.TemplateObject.assertNonNull(TemplateObject.java:125)
	at freemarker.core.Expression.getStringValue(Expression.java:118)
	at freemarker.core.Expression.getStringValue(Expression.java:93)
	at freemarker.core.DollarVariable.accept(DollarVariable.java:76)
	at freemarker.core.Environment.visit(Environment.java:221)
	at freemarker.core.MixedContent.accept(MixedContent.java:92)
	at freemarker.core.Environment.visit(Environment.java:221)
	at freemarker.core.Environment.process(Environment.java:199)
	at freemarker.template.Template.process(Template.java:237)
	at org.tizen.common.util.FreeMarkerUtil.generateDocument(FreeMarkerUtil.java:188)
	at org.tizen.common.util.FreeMarkerUtil.generateDocument(FreeMarkerUtil.java:162)
	at org.tizen.common.util.FreeMarkerUtil.generateDocument(FreeMarkerUtil.java:139)
	at org.tizen.common.util.FreeMarkerUtil.generateDocument(FreeMarkerUtil.java:121)
	at org.tizen.web.project.wizard.operation.OptionProcessOperation.generateHTML(OptionProcessOperation.java:154)
	at org.tizen.web.project.wizard.operation.OptionProcessOperation.operation(OptionProcessOperation.java:117)
	at org.tizen.web.project.wizard.operation.AbstractProjectTemplateOperation.execute(AbstractProjectTemplateOperation.java:102)
	at org.tizen.web.project.wizard.operation.AbstractProjectTemplateOperation.execute(AbstractProjectTemplateOperation.java:78)
	at org.tizen.web.project.wizard.ui.NewWebAppProjectWizard$1.run(NewWebAppProjectWizard.java:178)
	at org.eclipse.jface.operation.ModalContext.runInCurrentThread(ModalContext.java:464)
	at org.eclipse.jface.operation.ModalContext.run(ModalContext.java:372)
	at org.eclipse.jface.wizard.WizardDialog.run(WizardDialog.java:1028)
	at org.tizen.web.project.wizard.ui.NewWebAppProjectWizard.performFinish(NewWebAppProjectWizard.java:212)
	at org.eclipse.jface.wizard.WizardDialog.finishPressed(WizardDialog.java:827)
	at org.eclipse.jface.wizard.WizardDialog.buttonPressed(WizardDialog.java:432)
	at org.eclipse.jface.dialogs.Dialog$2.widgetSelected(Dialog.java:628)
	at org.eclipse.swt.widgets.TypedListener.handleEvent(TypedListener.java:248)
	at org.eclipse.swt.widgets.EventTable.sendEvent(EventTable.java:84)
	at org.eclipse.swt.widgets.Widget.sendEvent(Widget.java:1392)
	at org.eclipse.swt.widgets.Display.runDeferredEvents(Display.java:3742)
	at org.eclipse.swt.widgets.Display.readAndDispatch(Display.java:3363)
	at org.eclipse.jface.window.Window.runEventLoop(Window.java:826)
	at org.eclipse.jface.window.Window.open(Window.java:802)
	at org.eclipse.ui.actions.NewProjectAction.run(NewProjectAction.java:117)
	at org.eclipse.jface.action.Action.runWithEvent(Action.java:499)
	at org.eclipse.jface.action.ActionContributionItem.handleWidgetSelection(ActionContributionItem.java:584)
	at org.eclipse.jface.action.ActionContributionItem.access$2(ActionContributionItem.java:501)
	at org.eclipse.jface.action.ActionContributionItem$5.handleEvent(ActionContributionItem.java:411)
	at org.eclipse.swt.widgets.EventTable.sendEvent(EventTable.java:84)
	at org.eclipse.swt.widgets.Widget.sendEvent(Widget.java:1392)
	at org.eclipse.swt.widgets.Display.runDeferredEvents(Display.java:3742)
	at org.eclipse.swt.widgets.Display.readAndDispatch(Display.java:3363)
	at org.eclipse.e4.ui.internal.workbench.swt.PartRenderingEngine$9.run(PartRenderingEngine.java:1113)
	at org.eclipse.core.databinding.observable.Realm.runWithDefault(Realm.java:332)
	at org.eclipse.e4.ui.internal.workbench.swt.PartRenderingEngine.run(PartRenderingEngine.java:997)
	at org.eclipse.e4.ui.internal.workbench.E4Workbench.createAndRunUI(E4Workbench.java:140)
	at org.eclipse.ui.internal.Workbench$5.run(Workbench.java:611)
	at org.eclipse.core.databinding.observable.Realm.runWithDefault(Realm.java:332)
	at org.eclipse.ui.internal.Workbench.createAndRunWorkbench(Workbench.java:567)
	at org.eclipse.ui.PlatformUI.createAndRunWorkbench(PlatformUI.java:150)
	at org.eclipse.ui.internal.ide.application.IDEApplication.start(IDEApplication.java:124)
	at org.eclipse.equinox.internal.app.EclipseAppHandle.run(EclipseAppHandle.java:196)
	at org.eclipse.core.runtime.internal.adaptor.EclipseAppLauncher.runApplication(EclipseAppLauncher.java:110)
	at org.eclipse.core.runtime.internal.adaptor.EclipseAppLauncher.start(EclipseAppLauncher.java:79)
	at org.eclipse.core.runtime.adaptor.EclipseStarter.run(EclipseStarter.java:354)
	at org.eclipse.core.runtime.adaptor.EclipseStarter.run(EclipseStarter.java:181)
	at sun.reflect.NativeMethodAccessorImpl.invoke0(Native Method)
	at sun.reflect.NativeMethodAccessorImpl.invoke(NativeMethodAccessorImpl.java:62)
	at sun.reflect.DelegatingMethodAccessorImpl.invoke(DelegatingMethodAccessorImpl.java:43)
	at java.lang.reflect.Method.invoke(Method.java:497)
	at org.eclipse.equinox.launcher.Main.invokeFramework(Main.java:636)
	at org.eclipse.equinox.launcher.Main.basicRun(Main.java:591)
	at org.eclipse.equinox.launcher.Main.run(Main.java:1450)
[2015.12.16 16:18:29][ERROR] NewWebAppProjectWizard.java(229) - null
java.lang.reflect.InvocationTargetException
	at org.tizen.web.project.wizard.ui.NewWebAppProjectWizard$1.run(NewWebAppProjectWizard.java:204)
	at org.eclipse.jface.operation.ModalContext.runInCurrentThread(ModalContext.java:464)
	at org.eclipse.jface.operation.ModalContext.run(ModalContext.java:372)
	at org.eclipse.jface.wizard.WizardDialog.run(WizardDialog.java:1028)
	at org.tizen.web.project.wizard.ui.NewWebAppProjectWizard.performFinish(NewWebAppProjectWizard.java:212)
	at org.eclipse.jface.wizard.WizardDialog.finishPressed(WizardDialog.java:827)
	at org.eclipse.jface.wizard.WizardDialog.buttonPressed(WizardDialog.java:432)
	at org.eclipse.jface.dialogs.Dialog$2.widgetSelected(Dialog.java:628)
	at org.eclipse.swt.widgets.TypedListener.handleEvent(TypedListener.java:248)
	at org.eclipse.swt.widgets.EventTable.sendEvent(EventTable.java:84)
	at org.eclipse.swt.widgets.Widget.sendEvent(Widget.java:1392)
	at org.eclipse.swt.widgets.Display.runDeferredEvents(Display.java:3742)
	at org.eclipse.swt.widgets.Display.readAndDispatch(Display.java:3363)
	at org.eclipse.jface.window.Window.runEventLoop(Window.java:826)
	at org.eclipse.jface.window.Window.open(Window.java:802)
	at org.eclipse.ui.actions.NewProjectAction.run(NewProjectAction.java:117)
	at org.eclipse.jface.action.Action.runWithEvent(Action.java:499)
	at org.eclipse.jface.action.ActionContributionItem.handleWidgetSelection(ActionContributionItem.java:584)
	at org.eclipse.jface.action.ActionContributionItem.access$2(ActionContributionItem.java:501)
	at org.eclipse.jface.action.ActionContributionItem$5.handleEvent(ActionContributionItem.java:411)
	at org.eclipse.swt.widgets.EventTable.sendEvent(EventTable.java:84)
	at org.eclipse.swt.widgets.Widget.sendEvent(Widget.java:1392)
	at org.eclipse.swt.widgets.Display.runDeferredEvents(Display.java:3742)
	at org.eclipse.swt.widgets.Display.readAndDispatch(Display.java:3363)
	at org.eclipse.e4.ui.internal.workbench.swt.PartRenderingEngine$9.run(PartRenderingEngine.java:1113)
	at org.eclipse.core.databinding.observable.Realm.runWithDefault(Realm.java:332)
	at org.eclipse.e4.ui.internal.workbench.swt.PartRenderingEngine.run(PartRenderingEngine.java:997)
	at org.eclipse.e4.ui.internal.workbench.E4Workbench.createAndRunUI(E4Workbench.java:140)
	at org.eclipse.ui.internal.Workbench$5.run(Workbench.java:611)
	at org.eclipse.core.databinding.observable.Realm.runWithDefault(Realm.java:332)
	at org.eclipse.ui.internal.Workbench.createAndRunWorkbench(Workbench.java:567)
	at org.eclipse.ui.PlatformUI.createAndRunWorkbench(PlatformUI.java:150)
	at org.eclipse.ui.internal.ide.application.IDEApplication.start(IDEApplication.java:124)
	at org.eclipse.equinox.internal.app.EclipseAppHandle.run(EclipseAppHandle.java:196)
	at org.eclipse.core.runtime.internal.adaptor.EclipseAppLauncher.runApplication(EclipseAppLauncher.java:110)
	at org.eclipse.core.runtime.internal.adaptor.EclipseAppLauncher.start(EclipseAppLauncher.java:79)
	at org.eclipse.core.runtime.adaptor.EclipseStarter.run(EclipseStarter.java:354)
	at org.eclipse.core.runtime.adaptor.EclipseStarter.run(EclipseStarter.java:181)
	at sun.reflect.NativeMethodAccessorImpl.invoke0(Native Method)
	at sun.reflect.NativeMethodAccessorImpl.invoke(NativeMethodAccessorImpl.java:62)
	at sun.reflect.DelegatingMethodAccessorImpl.invoke(DelegatingMethodAccessorImpl.java:43)
	at java.lang.reflect.Method.invoke(Method.java:497)
	at org.eclipse.equinox.launcher.Main.invokeFramework(Main.java:636)
	at org.eclipse.equinox.launcher.Main.basicRun(Main.java:591)
	at org.eclipse.equinox.launcher.Main.run(Main.java:1450)
Caused by: org.eclipse.core.runtime.CoreException: Fail to generate HTML files.
	at org.tizen.web.project.wizard.operation.AbstractProjectTemplateOperation.createCoreException(AbstractProjectTemplateOperation.java:119)
	at org.tizen.web.project.wizard.operation.OptionProcessOperation.generateHTML(OptionProcessOperation.java:162)
	at org.tizen.web.project.wizard.operation.OptionProcessOperation.operation(OptionProcessOperation.java:117)
	at org.tizen.web.project.wizard.operation.AbstractProjectTemplateOperation.execute(AbstractProjectTemplateOperation.java:102)
	at org.tizen.web.project.wizard.operation.AbstractProjectTemplateOperation.execute(AbstractProjectTemplateOperation.java:78)
	at org.tizen.web.project.wizard.ui.NewWebAppProjectWizard$1.run(NewWebAppProjectWizard.java:178)
	... 44 more
Caused by: freemarker.core.InvalidReferenceException: Expression jQueryMobile_CSS is undefined on line 10, column 36 in index.html.template.
	at freemarker.core.TemplateObject.assertNonNull(TemplateObject.java:125)
	at freemarker.core.Expression.getStringValue(Expression.java:118)
	at freemarker.core.Expression.getStringValue(Expression.java:93)
	at freemarker.core.DollarVariable.accept(DollarVariable.java:76)
	at freemarker.core.Environment.visit(Environment.java:221)
	at freemarker.core.MixedContent.accept(MixedContent.java:92)
	at freemarker.core.Environment.visit(Environment.java:221)
	at freemarker.core.Environment.process(Environment.java:199)
	at freemarker.template.Template.process(Template.java:237)
	at org.tizen.common.util.FreeMarkerUtil.generateDocument(FreeMarkerUtil.java:188)
	at org.tizen.common.util.FreeMarkerUtil.generateDocument(FreeMarkerUtil.java:162)
	at org.tizen.common.util.FreeMarkerUtil.generateDocument(FreeMarkerUtil.java:139)
	at org.tizen.common.util.FreeMarkerUtil.generateDocument(FreeMarkerUtil.java:121)
	at org.tizen.web.project.wizard.operation.OptionProcessOperation.generateHTML(OptionProcessOperation.java:154)
	... 48 more
[2015.12.16 16:19:01][ERROR] Log4JLoggerFactory.java(96) - Template processing error: "Expression jQueryMobile_CSS is undefined on line 10, column 36 in index.html.template."

Expression jQueryMobile_CSS is undefined on line 10, column 36 in index.html.template.
The problematic instruction:
----------
==> ${jQueryMobile_CSS} [on line 10, column 34 in index.html.template]
----------

Java backtrace for programmers:
----------
freemarker.core.InvalidReferenceException: Expression jQueryMobile_CSS is undefined on line 10, column 36 in index.html.template.
	at freemarker.core.TemplateObject.assertNonNull(TemplateObject.java:125)
	at freemarker.core.Expression.getStringValue(Expression.java:118)
	at freemarker.core.Expression.getStringValue(Expression.java:93)
	at freemarker.core.DollarVariable.accept(DollarVariable.java:76)
	at freemarker.core.Environment.visit(Environment.java:221)
	at freemarker.core.MixedContent.accept(MixedContent.java:92)
	at freemarker.core.Environment.visit(Environment.java:221)
	at freemarker.core.Environment.process(Environment.java:199)
	at freemarker.template.Template.process(Template.java:237)
	at org.tizen.common.util.FreeMarkerUtil.generateDocument(FreeMarkerUtil.java:188)
	at org.tizen.common.util.FreeMarkerUtil.generateDocument(FreeMarkerUtil.java:162)
	at org.tizen.common.util.FreeMarkerUtil.generateDocument(FreeMarkerUtil.java:139)
	at org.tizen.common.util.FreeMarkerUtil.generateDocument(FreeMarkerUtil.java:121)
	at org.tizen.web.project.wizard.operation.OptionProcessOperation.generateHTML(OptionProcessOperation.java:154)
	at org.tizen.web.project.wizard.operation.OptionProcessOperation.operation(OptionProcessOperation.java:117)
	at org.tizen.web.project.wizard.operation.AbstractProjectTemplateOperation.execute(AbstractProjectTemplateOperation.java:102)
	at org.tizen.web.project.wizard.operation.AbstractProjectTemplateOperation.execute(AbstractProjectTemplateOperation.java:78)
	at org.tizen.web.project.wizard.ui.NewWebAppProjectWizard$1.run(NewWebAppProjectWizard.java:178)
	at org.eclipse.jface.operation.ModalContext.runInCurrentThread(ModalContext.java:464)
	at org.eclipse.jface.operation.ModalContext.run(ModalContext.java:372)
	at org.eclipse.jface.wizard.WizardDialog.run(WizardDialog.java:1028)
	at org.tizen.web.project.wizard.ui.NewWebAppProjectWizard.performFinish(NewWebAppProjectWizard.java:212)
	at org.eclipse.jface.wizard.WizardDialog.finishPressed(WizardDialog.java:827)
	at org.eclipse.jface.wizard.WizardDialog.buttonPressed(WizardDialog.java:432)
	at org.eclipse.jface.dialogs.Dialog$2.widgetSelected(Dialog.java:628)
	at org.eclipse.swt.widgets.TypedListener.handleEvent(TypedListener.java:248)
	at org.eclipse.swt.widgets.EventTable.sendEvent(EventTable.java:84)
	at org.eclipse.swt.widgets.Widget.sendEvent(Widget.java:1392)
	at org.eclipse.swt.widgets.Display.runDeferredEvents(Display.java:3742)
	at org.eclipse.swt.widgets.Display.readAndDispatch(Display.java:3363)
	at org.eclipse.jface.window.Window.runEventLoop(Window.java:826)
	at org.eclipse.jface.window.Window.open(Window.java:802)
	at org.eclipse.ui.internal.actions.NewWizardShortcutAction.run(NewWizardShortcutAction.java:135)
	at org.eclipse.jface.action.Action.runWithEvent(Action.java:499)
	at org.eclipse.jface.action.ActionContributionItem.handleWidgetSelection(ActionContributionItem.java:584)
	at org.eclipse.jface.action.ActionContributionItem.access$2(ActionContributionItem.java:501)
	at org.eclipse.jface.action.ActionContributionItem$5.handleEvent(ActionContributionItem.java:411)
	at org.eclipse.swt.widgets.EventTable.sendEvent(EventTable.java:84)
	at org.eclipse.swt.widgets.Widget.sendEvent(Widget.java:1392)
	at org.eclipse.swt.widgets.Display.runDeferredEvents(Display.java:3742)
	at org.eclipse.swt.widgets.Display.readAndDispatch(Display.java:3363)
	at org.eclipse.e4.ui.internal.workbench.swt.PartRenderingEngine$9.run(PartRenderingEngine.java:1113)
	at org.eclipse.core.databinding.observable.Realm.runWithDefault(Realm.java:332)
	at org.eclipse.e4.ui.internal.workbench.swt.PartRenderingEngine.run(PartRenderingEngine.java:997)
	at org.eclipse.e4.ui.internal.workbench.E4Workbench.createAndRunUI(E4Workbench.java:140)
	at org.eclipse.ui.internal.Workbench$5.run(Workbench.java:611)
	at org.eclipse.core.databinding.observable.Realm.runWithDefault(Realm.java:332)
	at org.eclipse.ui.internal.Workbench.createAndRunWorkbench(Workbench.java:567)
	at org.eclipse.ui.PlatformUI.createAndRunWorkbench(PlatformUI.java:150)
	at org.eclipse.ui.internal.ide.application.IDEApplication.start(IDEApplication.java:124)
	at org.eclipse.equinox.internal.app.EclipseAppHandle.run(EclipseAppHandle.java:196)
	at org.eclipse.core.runtime.internal.adaptor.EclipseAppLauncher.runApplication(EclipseAppLauncher.java:110)
	at org.eclipse.core.runtime.internal.adaptor.EclipseAppLauncher.start(EclipseAppLauncher.java:79)
	at org.eclipse.core.runtime.adaptor.EclipseStarter.run(EclipseStarter.java:354)
	at org.eclipse.core.runtime.adaptor.EclipseStarter.run(EclipseStarter.java:181)
	at sun.reflect.NativeMethodAccessorImpl.invoke0(Native Method)
	at sun.reflect.NativeMethodAccessorImpl.invoke(NativeMethodAccessorImpl.java:62)
	at sun.reflect.DelegatingMethodAccessorImpl.invoke(DelegatingMethodAccessorImpl.java:43)
	at java.lang.reflect.Method.invoke(Method.java:497)
	at org.eclipse.equinox.launcher.Main.invokeFramework(Main.java:636)
	at org.eclipse.equinox.launcher.Main.basicRun(Main.java:591)
	at org.eclipse.equinox.launcher.Main.run(Main.java:1450)
[2015.12.16 16:19:04][ERROR] NewWebAppProjectWizard.java(229) - null
java.lang.reflect.InvocationTargetException
	at org.tizen.web.project.wizard.ui.NewWebAppProjectWizard$1.run(NewWebAppProjectWizard.java:204)
	at org.eclipse.jface.operation.ModalContext.runInCurrentThread(ModalContext.java:464)
	at org.eclipse.jface.operation.ModalContext.run(ModalContext.java:372)
	at org.eclipse.jface.wizard.WizardDialog.run(WizardDialog.java:1028)
	at org.tizen.web.project.wizard.ui.NewWebAppProjectWizard.performFinish(NewWebAppProjectWizard.java:212)
	at org.eclipse.jface.wizard.WizardDialog.finishPressed(WizardDialog.java:827)
	at org.eclipse.jface.wizard.WizardDialog.buttonPressed(WizardDialog.java:432)
	at org.eclipse.jface.dialogs.Dialog$2.widgetSelected(Dialog.java:628)
	at org.eclipse.swt.widgets.TypedListener.handleEvent(TypedListener.java:248)
	at org.eclipse.swt.widgets.EventTable.sendEvent(EventTable.java:84)
	at org.eclipse.swt.widgets.Widget.sendEvent(Widget.java:1392)
	at org.eclipse.swt.widgets.Display.runDeferredEvents(Display.java:3742)
	at org.eclipse.swt.widgets.Display.readAndDispatch(Display.java:3363)
	at org.eclipse.jface.window.Window.runEventLoop(Window.java:826)
	at org.eclipse.jface.window.Window.open(Window.java:802)
	at org.eclipse.ui.internal.actions.NewWizardShortcutAction.run(NewWizardShortcutAction.java:135)
	at org.eclipse.jface.action.Action.runWithEvent(Action.java:499)
	at org.eclipse.jface.action.ActionContributionItem.handleWidgetSelection(ActionContributionItem.java:584)
	at org.eclipse.jface.action.ActionContributionItem.access$2(ActionContributionItem.java:501)
	at org.eclipse.jface.action.ActionContributionItem$5.handleEvent(ActionContributionItem.java:411)
	at org.eclipse.swt.widgets.EventTable.sendEvent(EventTable.java:84)
	at org.eclipse.swt.widgets.Widget.sendEvent(Widget.java:1392)
	at org.eclipse.swt.widgets.Display.runDeferredEvents(Display.java:3742)
	at org.eclipse.swt.widgets.Display.readAndDispatch(Display.java:3363)
	at org.eclipse.e4.ui.internal.workbench.swt.PartRenderingEngine$9.run(PartRenderingEngine.java:1113)
	at org.eclipse.core.databinding.observable.Realm.runWithDefault(Realm.java:332)
	at org.eclipse.e4.ui.internal.workbench.swt.PartRenderingEngine.run(PartRenderingEngine.java:997)
	at org.eclipse.e4.ui.internal.workbench.E4Workbench.createAndRunUI(E4Workbench.java:140)
	at org.eclipse.ui.internal.Workbench$5.run(Workbench.java:611)
	at org.eclipse.core.databinding.observable.Realm.runWithDefault(Realm.java:332)
	at org.eclipse.ui.internal.Workbench.createAndRunWorkbench(Workbench.java:567)
	at org.eclipse.ui.PlatformUI.createAndRunWorkbench(PlatformUI.java:150)
	at org.eclipse.ui.internal.ide.application.IDEApplication.start(IDEApplication.java:124)
	at org.eclipse.equinox.internal.app.EclipseAppHandle.run(EclipseAppHandle.java:196)
	at org.eclipse.core.runtime.internal.adaptor.EclipseAppLauncher.runApplication(EclipseAppLauncher.java:110)
	at org.eclipse.core.runtime.internal.adaptor.EclipseAppLauncher.start(EclipseAppLauncher.java:79)
	at org.eclipse.core.runtime.adaptor.EclipseStarter.run(EclipseStarter.java:354)
	at org.eclipse.core.runtime.adaptor.EclipseStarter.run(EclipseStarter.java:181)
	at sun.reflect.NativeMethodAccessorImpl.invoke0(Native Method)
	at sun.reflect.NativeMethodAccessorImpl.invoke(NativeMethodAccessorImpl.java:62)
	at sun.reflect.DelegatingMethodAccessorImpl.invoke(DelegatingMethodAccessorImpl.java:43)
	at java.lang.reflect.Method.invoke(Method.java:497)
	at org.eclipse.equinox.launcher.Main.invokeFramework(Main.java:636)
	at org.eclipse.equinox.launcher.Main.basicRun(Main.java:591)
	at org.eclipse.equinox.launcher.Main.run(Main.java:1450)
Caused by: org.eclipse.core.runtime.CoreException: Fail to generate HTML files.
	at org.tizen.web.project.wizard.operation.AbstractProjectTemplateOperation.createCoreException(AbstractProjectTemplateOperation.java:119)
	at org.tizen.web.project.wizard.operation.OptionProcessOperation.generateHTML(OptionProcessOperation.java:162)
	at org.tizen.web.project.wizard.operation.OptionProcessOperation.operation(OptionProcessOperation.java:117)
	at org.tizen.web.project.wizard.operation.AbstractProjectTemplateOperation.execute(AbstractProjectTemplateOperation.java:102)
	at org.tizen.web.project.wizard.operation.AbstractProjectTemplateOperation.execute(AbstractProjectTemplateOperation.java:78)
	at org.tizen.web.project.wizard.ui.NewWebAppProjectWizard$1.run(NewWebAppProjectWizard.java:178)
	... 44 more
Caused by: freemarker.core.InvalidReferenceException: Expression jQueryMobile_CSS is undefined on line 10, column 36 in index.html.template.
	at freemarker.core.TemplateObject.assertNonNull(TemplateObject.java:125)
	at freemarker.core.Expression.getStringValue(Expression.java:118)
	at freemarker.core.Expression.getStringValue(Expression.java:93)
	at freemarker.core.DollarVariable.accept(DollarVariable.java:76)
	at freemarker.core.Environment.visit(Environment.java:221)
	at freemarker.core.MixedContent.accept(MixedContent.java:92)
	at freemarker.core.Environment.visit(Environment.java:221)
	at freemarker.core.Environment.process(Environment.java:199)
	at freemarker.template.Template.process(Template.java:237)
	at org.tizen.common.util.FreeMarkerUtil.generateDocument(FreeMarkerUtil.java:188)
	at org.tizen.common.util.FreeMarkerUtil.generateDocument(FreeMarkerUtil.java:162)
	at org.tizen.common.util.FreeMarkerUtil.generateDocument(FreeMarkerUtil.java:139)
	at org.tizen.common.util.FreeMarkerUtil.generateDocument(FreeMarkerUtil.java:121)
	at org.tizen.web.project.wizard.operation.OptionProcessOperation.generateHTML(OptionProcessOperation.java:154)
	... 48 more
[2015.12.16 16:19:11][ERROR] Log4JLoggerFactory.java(96) - Template processing error: "Expression jQueryMobile_CSS is undefined on line 10, column 36 in index.html.template."

Expression jQueryMobile_CSS is undefined on line 10, column 36 in index.html.template.
The problematic instruction:
----------
==> ${jQueryMobile_CSS} [on line 10, column 34 in index.html.template]
----------

Java backtrace for programmers:
----------
freemarker.core.InvalidReferenceException: Expression jQueryMobile_CSS is undefined on line 10, column 36 in index.html.template.
	at freemarker.core.TemplateObject.assertNonNull(TemplateObject.java:125)
	at freemarker.core.Expression.getStringValue(Expression.java:118)
	at freemarker.core.Expression.getStringValue(Expression.java:93)
	at freemarker.core.DollarVariable.accept(DollarVariable.java:76)
	at freemarker.core.Environment.visit(Environment.java:221)
	at freemarker.core.MixedContent.accept(MixedContent.java:92)
	at freemarker.core.Environment.visit(Environment.java:221)
	at freemarker.core.Environment.process(Environment.java:199)
	at freemarker.template.Template.process(Template.java:237)
	at org.tizen.common.util.FreeMarkerUtil.generateDocument(FreeMarkerUtil.java:188)
	at org.tizen.common.util.FreeMarkerUtil.generateDocument(FreeMarkerUtil.java:162)
	at org.tizen.common.util.FreeMarkerUtil.generateDocument(FreeMarkerUtil.java:139)
	at org.tizen.common.util.FreeMarkerUtil.generateDocument(FreeMarkerUtil.java:121)
	at org.tizen.web.project.wizard.operation.OptionProcessOperation.generateHTML(OptionProcessOperation.java:154)
	at org.tizen.web.project.wizard.operation.OptionProcessOperation.operation(OptionProcessOperation.java:117)
	at org.tizen.web.project.wizard.operation.AbstractProjectTemplateOperation.execute(AbstractProjectTemplateOperation.java:102)
	at org.tizen.web.project.wizard.operation.AbstractProjectTemplateOperation.execute(AbstractProjectTemplateOperation.java:78)
	at org.tizen.web.project.wizard.ui.NewWebAppProjectWizard$1.run(NewWebAppProjectWizard.java:178)
	at org.eclipse.jface.operation.ModalContext.runInCurrentThread(ModalContext.java:464)
	at org.eclipse.jface.operation.ModalContext.run(ModalContext.java:372)
	at org.eclipse.jface.wizard.WizardDialog.run(WizardDialog.java:1028)
	at org.tizen.web.project.wizard.ui.NewWebAppProjectWizard.performFinish(NewWebAppProjectWizard.java:212)
	at org.eclipse.jface.wizard.WizardDialog.finishPressed(WizardDialog.java:827)
	at org.eclipse.jface.wizard.WizardDialog.buttonPressed(WizardDialog.java:432)
	at org.eclipse.jface.dialogs.Dialog$2.widgetSelected(Dialog.java:628)
	at org.eclipse.swt.widgets.TypedListener.handleEvent(TypedListener.java:248)
	at org.eclipse.swt.widgets.EventTable.sendEvent(EventTable.java:84)
	at org.eclipse.swt.widgets.Widget.sendEvent(Widget.java:1392)
	at org.eclipse.swt.widgets.Display.runDeferredEvents(Display.java:3742)
	at org.eclipse.swt.widgets.Display.readAndDispatch(Display.java:3363)
	at org.eclipse.jface.window.Window.runEventLoop(Window.java:826)
	at org.eclipse.jface.window.Window.open(Window.java:802)
	at org.eclipse.ui.internal.actions.NewWizardShortcutAction.run(NewWizardShortcutAction.java:135)
	at org.eclipse.jface.action.Action.runWithEvent(Action.java:499)
	at org.eclipse.jface.action.ActionContributionItem.handleWidgetSelection(ActionContributionItem.java:584)
	at org.eclipse.jface.action.ActionContributionItem.access$2(ActionContributionItem.java:501)
	at org.eclipse.jface.action.ActionContributionItem$5.handleEvent(ActionContributionItem.java:411)
	at org.eclipse.swt.widgets.EventTable.sendEvent(EventTable.java:84)
	at org.eclipse.swt.widgets.Widget.sendEvent(Widget.java:1392)
	at org.eclipse.swt.widgets.Display.runDeferredEvents(Display.java:3742)
	at org.eclipse.swt.widgets.Display.readAndDispatch(Display.java:3363)
	at org.eclipse.e4.ui.internal.workbench.swt.PartRenderingEngine$9.run(PartRenderingEngine.java:1113)
	at org.eclipse.core.databinding.observable.Realm.runWithDefault(Realm.java:332)
	at org.eclipse.e4.ui.internal.workbench.swt.PartRenderingEngine.run(PartRenderingEngine.java:997)
	at org.eclipse.e4.ui.internal.workbench.E4Workbench.createAndRunUI(E4Workbench.java:140)
	at org.eclipse.ui.internal.Workbench$5.run(Workbench.java:611)
	at org.eclipse.core.databinding.observable.Realm.runWithDefault(Realm.java:332)
	at org.eclipse.ui.internal.Workbench.createAndRunWorkbench(Workbench.java:567)
	at org.eclipse.ui.PlatformUI.createAndRunWorkbench(PlatformUI.java:150)
	at org.eclipse.ui.internal.ide.application.IDEApplication.start(IDEApplication.java:124)
	at org.eclipse.equinox.internal.app.EclipseAppHandle.run(EclipseAppHandle.java:196)
	at org.eclipse.core.runtime.internal.adaptor.EclipseAppLauncher.runApplication(EclipseAppLauncher.java:110)
	at org.eclipse.core.runtime.internal.adaptor.EclipseAppLauncher.start(EclipseAppLauncher.java:79)
	at org.eclipse.core.runtime.adaptor.EclipseStarter.run(EclipseStarter.java:354)
	at org.eclipse.core.runtime.adaptor.EclipseStarter.run(EclipseStarter.java:181)
	at sun.reflect.NativeMethodAccessorImpl.invoke0(Native Method)
	at sun.reflect.NativeMethodAccessorImpl.invoke(NativeMethodAccessorImpl.java:62)
	at sun.reflect.DelegatingMethodAccessorImpl.invoke(DelegatingMethodAccessorImpl.java:43)
	at java.lang.reflect.Method.invoke(Method.java:497)
	at org.eclipse.equinox.launcher.Main.invokeFramework(Main.java:636)
	at org.eclipse.equinox.launcher.Main.basicRun(Main.java:591)
	at org.eclipse.equinox.launcher.Main.run(Main.java:1450)
[2015.12.16 16:19:12][ERROR] NewWebAppProjectWizard.java(229) - null
java.lang.reflect.InvocationTargetException
	at org.tizen.web.project.wizard.ui.NewWebAppProjectWizard$1.run(NewWebAppProjectWizard.java:204)
	at org.eclipse.jface.operation.ModalContext.runInCurrentThread(ModalContext.java:464)
	at org.eclipse.jface.operation.ModalContext.run(ModalContext.java:372)
	at org.eclipse.jface.wizard.WizardDialog.run(WizardDialog.java:1028)
	at org.tizen.web.project.wizard.ui.NewWebAppProjectWizard.performFinish(NewWebAppProjectWizard.java:212)
	at org.eclipse.jface.wizard.WizardDialog.finishPressed(WizardDialog.java:827)
	at org.eclipse.jface.wizard.WizardDialog.buttonPressed(WizardDialog.java:432)
	at org.eclipse.jface.dialogs.Dialog$2.widgetSelected(Dialog.java:628)
	at org.eclipse.swt.widgets.TypedListener.handleEvent(TypedListener.java:248)
	at org.eclipse.swt.widgets.EventTable.sendEvent(EventTable.java:84)
	at org.eclipse.swt.widgets.Widget.sendEvent(Widget.java:1392)
	at org.eclipse.swt.widgets.Display.runDeferredEvents(Display.java:3742)
	at org.eclipse.swt.widgets.Display.readAndDispatch(Display.java:3363)
	at org.eclipse.jface.window.Window.runEventLoop(Window.java:826)
	at org.eclipse.jface.window.Window.open(Window.java:802)
	at org.eclipse.ui.internal.actions.NewWizardShortcutAction.run(NewWizardShortcutAction.java:135)
	at org.eclipse.jface.action.Action.runWithEvent(Action.java:499)
	at org.eclipse.jface.action.ActionContributionItem.handleWidgetSelection(ActionContributionItem.java:584)
	at org.eclipse.jface.action.ActionContributionItem.access$2(ActionContributionItem.java:501)
	at org.eclipse.jface.action.ActionContributionItem$5.handleEvent(ActionContributionItem.java:411)
	at org.eclipse.swt.widgets.EventTable.sendEvent(EventTable.java:84)
	at org.eclipse.swt.widgets.Widget.sendEvent(Widget.java:1392)
	at org.eclipse.swt.widgets.Display.runDeferredEvents(Display.java:3742)
	at org.eclipse.swt.widgets.Display.readAndDispatch(Display.java:3363)
	at org.eclipse.e4.ui.internal.workbench.swt.PartRenderingEngine$9.run(PartRenderingEngine.java:1113)
	at org.eclipse.core.databinding.observable.Realm.runWithDefault(Realm.java:332)
	at org.eclipse.e4.ui.internal.workbench.swt.PartRenderingEngine.run(PartRenderingEngine.java:997)
	at org.eclipse.e4.ui.internal.workbench.E4Workbench.createAndRunUI(E4Workbench.java:140)
	at org.eclipse.ui.internal.Workbench$5.run(Workbench.java:611)
	at org.eclipse.core.databinding.observable.Realm.runWithDefault(Realm.java:332)
	at org.eclipse.ui.internal.Workbench.createAndRunWorkbench(Workbench.java:567)
	at org.eclipse.ui.PlatformUI.createAndRunWorkbench(PlatformUI.java:150)
	at org.eclipse.ui.internal.ide.application.IDEApplication.start(IDEApplication.java:124)
	at org.eclipse.equinox.internal.app.EclipseAppHandle.run(EclipseAppHandle.java:196)
	at org.eclipse.core.runtime.internal.adaptor.EclipseAppLauncher.runApplication(EclipseAppLauncher.java:110)
	at org.eclipse.core.runtime.internal.adaptor.EclipseAppLauncher.start(EclipseAppLauncher.java:79)
	at org.eclipse.core.runtime.adaptor.EclipseStarter.run(EclipseStarter.java:354)
	at org.eclipse.core.runtime.adaptor.EclipseStarter.run(EclipseStarter.java:181)
	at sun.reflect.NativeMethodAccessorImpl.invoke0(Native Method)
	at sun.reflect.NativeMethodAccessorImpl.invoke(NativeMethodAccessorImpl.java:62)
	at sun.reflect.DelegatingMethodAccessorImpl.invoke(DelegatingMethodAccessorImpl.java:43)
	at java.lang.reflect.Method.invoke(Method.java:497)
	at org.eclipse.equinox.launcher.Main.invokeFramework(Main.java:636)
	at org.eclipse.equinox.launcher.Main.basicRun(Main.java:591)
	at org.eclipse.equinox.launcher.Main.run(Main.java:1450)
Caused by: org.eclipse.core.runtime.CoreException: Fail to generate HTML files.
	at org.tizen.web.project.wizard.operation.AbstractProjectTemplateOperation.createCoreException(AbstractProjectTemplateOperation.java:119)
	at org.tizen.web.project.wizard.operation.OptionProcessOperation.generateHTML(OptionProcessOperation.java:162)
	at org.tizen.web.project.wizard.operation.OptionProcessOperation.operation(OptionProcessOperation.java:117)
	at org.tizen.web.project.wizard.operation.AbstractProjectTemplateOperation.execute(AbstractProjectTemplateOperation.java:102)
	at org.tizen.web.project.wizard.operation.AbstractProjectTemplateOperation.execute(AbstractProjectTemplateOperation.java:78)
	at org.tizen.web.project.wizard.ui.NewWebAppProjectWizard$1.run(NewWebAppProjectWizard.java:178)
	... 44 more
Caused by: freemarker.core.InvalidReferenceException: Expression jQueryMobile_CSS is undefined on line 10, column 36 in index.html.template.
	at freemarker.core.TemplateObject.assertNonNull(TemplateObject.java:125)
	at freemarker.core.Expression.getStringValue(Expression.java:118)
	at freemarker.core.Expression.getStringValue(Expression.java:93)
	at freemarker.core.DollarVariable.accept(DollarVariable.java:76)
	at freemarker.core.Environment.visit(Environment.java:221)
	at freemarker.core.MixedContent.accept(MixedContent.java:92)
	at freemarker.core.Environment.visit(Environment.java:221)
	at freemarker.core.Environment.process(Environment.java:199)
	at freemarker.template.Template.process(Template.java:237)
	at org.tizen.common.util.FreeMarkerUtil.generateDocument(FreeMarkerUtil.java:188)
	at org.tizen.common.util.FreeMarkerUtil.generateDocument(FreeMarkerUtil.java:162)
	at org.tizen.common.util.FreeMarkerUtil.generateDocument(FreeMarkerUtil.java:139)
	at org.tizen.common.util.FreeMarkerUtil.generateDocument(FreeMarkerUtil.java:121)
	at org.tizen.web.project.wizard.operation.OptionProcessOperation.generateHTML(OptionProcessOperation.java:154)
	... 48 more
[2015.12.16 16:19:14][ERROR] Log4JLoggerFactory.java(96) - Template processing error: "Expression jQueryMobile_CSS is undefined on line 10, column 36 in index.html.template."

Expression jQueryMobile_CSS is undefined on line 10, column 36 in index.html.template.
The problematic instruction:
----------
==> ${jQueryMobile_CSS} [on line 10, column 34 in index.html.template]
----------

Java backtrace for programmers:
----------
freemarker.core.InvalidReferenceException: Expression jQueryMobile_CSS is undefined on line 10, column 36 in index.html.template.
	at freemarker.core.TemplateObject.assertNonNull(TemplateObject.java:125)
	at freemarker.core.Expression.getStringValue(Expression.java:118)
	at freemarker.core.Expression.getStringValue(Expression.java:93)
	at freemarker.core.DollarVariable.accept(DollarVariable.java:76)
	at freemarker.core.Environment.visit(Environment.java:221)
	at freemarker.core.MixedContent.accept(MixedContent.java:92)
	at freemarker.core.Environment.visit(Environment.java:221)
	at freemarker.core.Environment.process(Environment.java:199)
	at freemarker.template.Template.process(Template.java:237)
	at org.tizen.common.util.FreeMarkerUtil.generateDocument(FreeMarkerUtil.java:188)
	at org.tizen.common.util.FreeMarkerUtil.generateDocument(FreeMarkerUtil.java:162)
	at org.tizen.common.util.FreeMarkerUtil.generateDocument(FreeMarkerUtil.java:139)
	at org.tizen.common.util.FreeMarkerUtil.generateDocument(FreeMarkerUtil.java:121)
	at org.tizen.web.project.wizard.operation.OptionProcessOperation.generateHTML(OptionProcessOperation.java:154)
	at org.tizen.web.project.wizard.operation.OptionProcessOperation.operation(OptionProcessOperation.java:117)
	at org.tizen.web.project.wizard.operation.AbstractProjectTemplateOperation.execute(AbstractProjectTemplateOperation.java:102)
	at org.tizen.web.project.wizard.operation.AbstractProjectTemplateOperation.execute(AbstractProjectTemplateOperation.java:78)
	at org.tizen.web.project.wizard.ui.NewWebAppProjectWizard$1.run(NewWebAppProjectWizard.java:178)
	at org.eclipse.jface.operation.ModalContext.runInCurrentThread(ModalContext.java:464)
	at org.eclipse.jface.operation.ModalContext.run(ModalContext.java:372)
	at org.eclipse.jface.wizard.WizardDialog.run(WizardDialog.java:1028)
	at org.tizen.web.project.wizard.ui.NewWebAppProjectWizard.performFinish(NewWebAppProjectWizard.java:212)
	at org.eclipse.jface.wizard.WizardDialog.finishPressed(WizardDialog.java:827)
	at org.eclipse.jface.wizard.WizardDialog.buttonPressed(WizardDialog.java:432)
	at org.eclipse.jface.dialogs.Dialog$2.widgetSelected(Dialog.java:628)
	at org.eclipse.swt.widgets.TypedListener.handleEvent(TypedListener.java:248)
	at org.eclipse.swt.widgets.EventTable.sendEvent(EventTable.java:84)
	at org.eclipse.swt.widgets.Widget.sendEvent(Widget.java:1392)
	at org.eclipse.swt.widgets.Display.runDeferredEvents(Display.java:3742)
	at org.eclipse.swt.widgets.Display.readAndDispatch(Display.java:3363)
	at org.eclipse.jface.window.Window.runEventLoop(Window.java:826)
	at org.eclipse.jface.window.Window.open(Window.java:802)
	at org.eclipse.ui.internal.actions.NewWizardShortcutAction.run(NewWizardShortcutAction.java:135)
	at org.eclipse.jface.action.Action.runWithEvent(Action.java:499)
	at org.eclipse.jface.action.ActionContributionItem.handleWidgetSelection(ActionContributionItem.java:584)
	at org.eclipse.jface.action.ActionContributionItem.access$2(ActionContributionItem.java:501)
	at org.eclipse.jface.action.ActionContributionItem$5.handleEvent(ActionContributionItem.java:411)
	at org.eclipse.swt.widgets.EventTable.sendEvent(EventTable.java:84)
	at org.eclipse.swt.widgets.Widget.sendEvent(Widget.java:1392)
	at org.eclipse.swt.widgets.Display.runDeferredEvents(Display.java:3742)
	at org.eclipse.swt.widgets.Display.readAndDispatch(Display.java:3363)
	at org.eclipse.e4.ui.internal.workbench.swt.PartRenderingEngine$9.run(PartRenderingEngine.java:1113)
	at org.eclipse.core.databinding.observable.Realm.runWithDefault(Realm.java:332)
	at org.eclipse.e4.ui.internal.workbench.swt.PartRenderingEngine.run(PartRenderingEngine.java:997)
	at org.eclipse.e4.ui.internal.workbench.E4Workbench.createAndRunUI(E4Workbench.java:140)
	at org.eclipse.ui.internal.Workbench$5.run(Workbench.java:611)
	at org.eclipse.core.databinding.observable.Realm.runWithDefault(Realm.java:332)
	at org.eclipse.ui.internal.Workbench.createAndRunWorkbench(Workbench.java:567)
	at org.eclipse.ui.PlatformUI.createAndRunWorkbench(PlatformUI.java:150)
	at org.eclipse.ui.internal.ide.application.IDEApplication.start(IDEApplication.java:124)
	at org.eclipse.equinox.internal.app.EclipseAppHandle.run(EclipseAppHandle.java:196)
	at org.eclipse.core.runtime.internal.adaptor.EclipseAppLauncher.runApplication(EclipseAppLauncher.java:110)
	at org.eclipse.core.runtime.internal.adaptor.EclipseAppLauncher.start(EclipseAppLauncher.java:79)
	at org.eclipse.core.runtime.adaptor.EclipseStarter.run(EclipseStarter.java:354)
	at org.eclipse.core.runtime.adaptor.EclipseStarter.run(EclipseStarter.java:181)
	at sun.reflect.NativeMethodAccessorImpl.invoke0(Native Method)
	at sun.reflect.NativeMethodAccessorImpl.invoke(NativeMethodAccessorImpl.java:62)
	at sun.reflect.DelegatingMethodAccessorImpl.invoke(DelegatingMethodAccessorImpl.java:43)
	at java.lang.reflect.Method.invoke(Method.java:497)
	at org.eclipse.equinox.launcher.Main.invokeFramework(Main.java:636)
	at org.eclipse.equinox.launcher.Main.basicRun(Main.java:591)
	at org.eclipse.equinox.launcher.Main.run(Main.java:1450)
[2015.12.16 16:19:15][ERROR] NewWebAppProjectWizard.java(229) - null
java.lang.reflect.InvocationTargetException
	at org.tizen.web.project.wizard.ui.NewWebAppProjectWizard$1.run(NewWebAppProjectWizard.java:204)
	at org.eclipse.jface.operation.ModalContext.runInCurrentThread(ModalContext.java:464)
	at org.eclipse.jface.operation.ModalContext.run(ModalContext.java:372)
	at org.eclipse.jface.wizard.WizardDialog.run(WizardDialog.java:1028)
	at org.tizen.web.project.wizard.ui.NewWebAppProjectWizard.performFinish(NewWebAppProjectWizard.java:212)
	at org.eclipse.jface.wizard.WizardDialog.finishPressed(WizardDialog.java:827)
	at org.eclipse.jface.wizard.WizardDialog.buttonPressed(WizardDialog.java:432)
	at org.eclipse.jface.dialogs.Dialog$2.widgetSelected(Dialog.java:628)
	at org.eclipse.swt.widgets.TypedListener.handleEvent(TypedListener.java:248)
	at org.eclipse.swt.widgets.EventTable.sendEvent(EventTable.java:84)
	at org.eclipse.swt.widgets.Widget.sendEvent(Widget.java:1392)
	at org.eclipse.swt.widgets.Display.runDeferredEvents(Display.java:3742)
	at org.eclipse.swt.widgets.Display.readAndDispatch(Display.java:3363)
	at org.eclipse.jface.window.Window.runEventLoop(Window.java:826)
	at org.eclipse.jface.window.Window.open(Window.java:802)
	at org.eclipse.ui.internal.actions.NewWizardShortcutAction.run(NewWizardShortcutAction.java:135)
	at org.eclipse.jface.action.Action.runWithEvent(Action.java:499)
	at org.eclipse.jface.action.ActionContributionItem.handleWidgetSelection(ActionContributionItem.java:584)
	at org.eclipse.jface.action.ActionContributionItem.access$2(ActionContributionItem.java:501)
	at org.eclipse.jface.action.ActionContributionItem$5.handleEvent(ActionContributionItem.java:411)
	at org.eclipse.swt.widgets.EventTable.sendEvent(EventTable.java:84)
	at org.eclipse.swt.widgets.Widget.sendEvent(Widget.java:1392)
	at org.eclipse.swt.widgets.Display.runDeferredEvents(Display.java:3742)
	at org.eclipse.swt.widgets.Display.readAndDispatch(Display.java:3363)
	at org.eclipse.e4.ui.internal.workbench.swt.PartRenderingEngine$9.run(PartRenderingEngine.java:1113)
	at org.eclipse.core.databinding.observable.Realm.runWithDefault(Realm.java:332)
	at org.eclipse.e4.ui.internal.workbench.swt.PartRenderingEngine.run(PartRenderingEngine.java:997)
	at org.eclipse.e4.ui.internal.workbench.E4Workbench.createAndRunUI(E4Workbench.java:140)
	at org.eclipse.ui.internal.Workbench$5.run(Workbench.java:611)
	at org.eclipse.core.databinding.observable.Realm.runWithDefault(Realm.java:332)
	at org.eclipse.ui.internal.Workbench.createAndRunWorkbench(Workbench.java:567)
	at org.eclipse.ui.PlatformUI.createAndRunWorkbench(PlatformUI.java:150)
	at org.eclipse.ui.internal.ide.application.IDEApplication.start(IDEApplication.java:124)
	at org.eclipse.equinox.internal.app.EclipseAppHandle.run(EclipseAppHandle.java:196)
	at org.eclipse.core.runtime.internal.adaptor.EclipseAppLauncher.runApplication(EclipseAppLauncher.java:110)
	at org.eclipse.core.runtime.internal.adaptor.EclipseAppLauncher.start(EclipseAppLauncher.java:79)
	at org.eclipse.core.runtime.adaptor.EclipseStarter.run(EclipseStarter.java:354)
	at org.eclipse.core.runtime.adaptor.EclipseStarter.run(EclipseStarter.java:181)
	at sun.reflect.NativeMethodAccessorImpl.invoke0(Native Method)
	at sun.reflect.NativeMethodAccessorImpl.invoke(NativeMethodAccessorImpl.java:62)
	at sun.reflect.DelegatingMethodAccessorImpl.invoke(DelegatingMethodAccessorImpl.java:43)
	at java.lang.reflect.Method.invoke(Method.java:497)
	at org.eclipse.equinox.launcher.Main.invokeFramework(Main.java:636)
	at org.eclipse.equinox.launcher.Main.basicRun(Main.java:591)
	at org.eclipse.equinox.launcher.Main.run(Main.java:1450)
Caused by: org.eclipse.core.runtime.CoreException: Fail to generate HTML files.
	at org.tizen.web.project.wizard.operation.AbstractProjectTemplateOperation.createCoreException(AbstractProjectTemplateOperation.java:119)
	at org.tizen.web.project.wizard.operation.OptionProcessOperation.generateHTML(OptionProcessOperation.java:162)
	at org.tizen.web.project.wizard.operation.OptionProcessOperation.operation(OptionProcessOperation.java:117)
	at org.tizen.web.project.wizard.operation.AbstractProjectTemplateOperation.execute(AbstractProjectTemplateOperation.java:102)
	at org.tizen.web.project.wizard.operation.AbstractProjectTemplateOperation.execute(AbstractProjectTemplateOperation.java:78)
	at org.tizen.web.project.wizard.ui.NewWebAppProjectWizard$1.run(NewWebAppProjectWizard.java:178)
	... 44 more
Caused by: freemarker.core.InvalidReferenceException: Expression jQueryMobile_CSS is undefined on line 10, column 36 in index.html.template.
	at freemarker.core.TemplateObject.assertNonNull(TemplateObject.java:125)
	at freemarker.core.Expression.getStringValue(Expression.java:118)
	at freemarker.core.Expression.getStringValue(Expression.java:93)
	at freemarker.core.DollarVariable.accept(DollarVariable.java:76)
	at freemarker.core.Environment.visit(Environment.java:221)
	at freemarker.core.MixedContent.accept(MixedContent.java:92)
	at freemarker.core.Environment.visit(Environment.java:221)
	at freemarker.core.Environment.process(Environment.java:199)
	at freemarker.template.Template.process(Template.java:237)
	at org.tizen.common.util.FreeMarkerUtil.generateDocument(FreeMarkerUtil.java:188)
	at org.tizen.common.util.FreeMarkerUtil.generateDocument(FreeMarkerUtil.java:162)
	at org.tizen.common.util.FreeMarkerUtil.generateDocument(FreeMarkerUtil.java:139)
	at org.tizen.common.util.FreeMarkerUtil.generateDocument(FreeMarkerUtil.java:121)
	at org.tizen.web.project.wizard.operation.OptionProcessOperation.generateHTML(OptionProcessOperation.java:154)
	... 48 more
[2015.12.16 16:23:13][ERROR] ProjectUtil.java(548) - Failed to search a project: com.opera.mini
[2015.12.16 16:39:53][ERROR] RdsDeployer.java(279) - Cannot partially upload or reinstall
org.eclipse.core.runtime.CoreException: [RDS] Cannot install application
	at org.tizen.common.rds.RdsDeployer.newCoreException(RdsDeployer.java:708)
	at org.tizen.common.rds.RdsDeployer.postInstall(RdsDeployer.java:643)
	at org.tizen.common.rds.RdsDeployer.partialZipInstall(RdsDeployer.java:575)
	at org.tizen.common.rds.RdsDeployer.deploy(RdsDeployer.java:277)
	at org.tizen.web.zimlaunch.step.RdsStep.runRds(RdsStep.java:225)
	at org.tizen.web.zimlaunch.step.RdsStep.executeStep(RdsStep.java:139)
	at org.tizen.web.zimlaunch.core.CompositeStep.executeStep(CompositeStep.java:112)
	at org.tizen.web.zimlaunch.deployer.ZimLaunchDelegate.launch(ZimLaunchDelegate.java:258)
	at org.eclipse.debug.internal.core.LaunchConfiguration.launch(LaunchConfiguration.java:858)
	at org.eclipse.debug.internal.core.LaunchConfiguration.launch(LaunchConfiguration.java:707)
	at org.eclipse.debug.internal.ui.DebugUIPlugin.buildAndLaunch(DebugUIPlugin.java:1018)
	at org.eclipse.debug.internal.ui.DebugUIPlugin$8.run(DebugUIPlugin.java:1222)
	at org.eclipse.core.internal.jobs.Worker.run(Worker.java:53)
Caused by: org.tizen.common.sdb.command.message.CommandErrorException: 
Error code: PACKAGE_INVALID
Error message: File is missed /opt/usr/apps/LqiI8g3Kbg/res/wgt/Basic.wgt
Command: /usr/bin/pkgcmd -q -r -t wgt -n LqiI8g3Kbg
Management: Check package components in Project Explorer.

	at org.tizen.common.sdb.command.message.PkgcmdErrorType.makeException(PkgcmdErrorType.java:91)
	at org.tizen.common.sdb.command.SdbCommand.runCommand(SdbCommand.java:157)
	at org.tizen.common.rds.RdsDeployer.postInstall(RdsDeployer.java:638)
	... 11 more
