[2016.02.02 14:45:12][ERROR] LaunchUtils.java(146) - Failed to run a command /usr/bin/pkginfo --app org.tizen.dict | grep Package: 
org.tizen.sdblib.exception.SdbCommandRejectedException: error: target not found
	at org.tizen.sdblib.SdbHelper.initializeDevice(SdbHelper.java:545)
	at org.tizen.sdblib.command.Command.sendRequest(Command.java:229)
	at org.tizen.sdblib.command.Command.in(Command.java:127)
	at org.tizen.sdblib.command.Command.in(Command.java:104)
	at org.tizen.sdblib.Device.executeShellCommand(Device.java:477)
	at org.tizen.common.sdb.command.SdbCommand.runCommand(SdbCommand.java:92)
	at org.tizen.nativecommon.launch.LaunchUtils.getPkgId(LaunchUtils.java:144)
	at org.tizen.nativecommon.launch.TizenLaunchDelegate2.verifyAppId(TizenLaunchDelegate2.java:531)
	at org.tizen.nativecommon.launch.TizenLaunchDelegate2.installPackage(TizenLaunchDelegate2.java:1143)
	at org.tizen.nativecommon.launch.TizenLaunchDelegate2.normalDeploy(TizenLaunchDelegate2.java:924)
	at org.tizen.nativecommon.launch.TizenLaunchDelegate2.deployApplication(TizenLaunchDelegate2.java:860)
	at org.tizen.nativecommon.launch.TizenLaunchDelegate2.launchApplicationForRun(TizenLaunchDelegate2.java:560)
	at org.tizen.nativecommon.launch.TizenLaunchDelegate2.launch(TizenLaunchDelegate2.java:240)
	at org.eclipse.debug.internal.core.LaunchConfiguration.launch(LaunchConfiguration.java:858)
	at org.eclipse.debug.internal.core.LaunchConfiguration.launch(LaunchConfiguration.java:707)
	at org.eclipse.debug.internal.ui.DebugUIPlugin.buildAndLaunch(DebugUIPlugin.java:1018)
	at org.eclipse.debug.internal.ui.DebugUIPlugin$8.run(DebugUIPlugin.java:1222)
	at org.eclipse.core.internal.jobs.Worker.run(Worker.java:53)
[2016.02.02 14:45:12][ERROR] TizenLaunchDelegate2.java(533) - Failed to verify appId
org.tizen.sdblib.exception.SdbCommandRejectedException: error: target not found
	at org.tizen.sdblib.SdbHelper.initializeDevice(SdbHelper.java:545)
	at org.tizen.sdblib.command.Command.sendRequest(Command.java:229)
	at org.tizen.sdblib.command.Command.in(Command.java:127)
	at org.tizen.sdblib.command.Command.in(Command.java:104)
	at org.tizen.sdblib.Device.executeShellCommand(Device.java:477)
	at org.tizen.common.sdb.command.SdbCommand.runCommand(SdbCommand.java:92)
	at org.tizen.nativecommon.launch.LaunchUtils.getPkgId(LaunchUtils.java:144)
	at org.tizen.nativecommon.launch.TizenLaunchDelegate2.verifyAppId(TizenLaunchDelegate2.java:531)
	at org.tizen.nativecommon.launch.TizenLaunchDelegate2.installPackage(TizenLaunchDelegate2.java:1143)
	at org.tizen.nativecommon.launch.TizenLaunchDelegate2.normalDeploy(TizenLaunchDelegate2.java:924)
	at org.tizen.nativecommon.launch.TizenLaunchDelegate2.deployApplication(TizenLaunchDelegate2.java:860)
	at org.tizen.nativecommon.launch.TizenLaunchDelegate2.launchApplicationForRun(TizenLaunchDelegate2.java:560)
	at org.tizen.nativecommon.launch.TizenLaunchDelegate2.launch(TizenLaunchDelegate2.java:240)
	at org.eclipse.debug.internal.core.LaunchConfiguration.launch(LaunchConfiguration.java:858)
	at org.eclipse.debug.internal.core.LaunchConfiguration.launch(LaunchConfiguration.java:707)
	at org.eclipse.debug.internal.ui.DebugUIPlugin.buildAndLaunch(DebugUIPlugin.java:1018)
	at org.eclipse.debug.internal.ui.DebugUIPlugin$8.run(DebugUIPlugin.java:1222)
	at org.eclipse.core.internal.jobs.Worker.run(Worker.java:53)
[2016.02.02 15:45:51][ERROR] NativeCoreConfigurationManager.java(1527) - Failed to resolve build option to String
org.eclipse.cdt.managedbuilder.core.BuildException: Type of option value is inconsistent with option type
	at org.eclipse.cdt.managedbuilder.internal.core.Option.getStringValue(Option.java:1542)
	at org.tizen.nativecore.build.NativeCoreConfigurationManager.resolveToString(NativeCoreConfigurationManager.java:1517)
	at org.tizen.nativecore.build.NativeCoreConfigurationManager.getEdcCompilerFontDirFullPath(NativeCoreConfigurationManager.java:1511)
	at org.tizen.nativecore.enventor.Launcher.getOptions(Launcher.java:148)
	at org.tizen.nativecore.enventor.Launcher.getCommand(Launcher.java:137)
	at org.tizen.nativecore.enventor.Launcher.access$0(Launcher.java:129)
	at org.tizen.nativecore.enventor.Launcher$1.run(Launcher.java:79)
	at java.lang.Thread.run(Thread.java:745)
[2016.02.02 15:45:51][ERROR] NativeCoreConfigurationManager.java(1527) - Failed to resolve build option to String
org.eclipse.cdt.managedbuilder.core.BuildException: Type of option value is inconsistent with option type
	at org.eclipse.cdt.managedbuilder.internal.core.Option.getStringValue(Option.java:1542)
	at org.tizen.nativecore.build.NativeCoreConfigurationManager.resolveToString(NativeCoreConfigurationManager.java:1517)
	at org.tizen.nativecore.build.NativeCoreConfigurationManager.getEdcCompilerImageDirFullPath(NativeCoreConfigurationManager.java:1491)
	at org.tizen.nativecore.enventor.Launcher.getOptions(Launcher.java:149)
	at org.tizen.nativecore.enventor.Launcher.getCommand(Launcher.java:137)
	at org.tizen.nativecore.enventor.Launcher.access$0(Launcher.java:129)
	at org.tizen.nativecore.enventor.Launcher$1.run(Launcher.java:79)
	at java.lang.Thread.run(Thread.java:745)
[2016.02.02 15:45:51][ERROR] NativeCoreConfigurationManager.java(1527) - Failed to resolve build option to String
org.eclipse.cdt.managedbuilder.core.BuildException: Type of option value is inconsistent with option type
	at org.eclipse.cdt.managedbuilder.internal.core.Option.getStringValue(Option.java:1542)
	at org.tizen.nativecore.build.NativeCoreConfigurationManager.resolveToString(NativeCoreConfigurationManager.java:1517)
	at org.tizen.nativecore.build.NativeCoreConfigurationManager.getEdcCompilerSoundDirFullPath(NativeCoreConfigurationManager.java:1501)
	at org.tizen.nativecore.enventor.Launcher.getOptions(Launcher.java:150)
	at org.tizen.nativecore.enventor.Launcher.getCommand(Launcher.java:137)
	at org.tizen.nativecore.enventor.Launcher.access$0(Launcher.java:129)
	at org.tizen.nativecore.enventor.Launcher$1.run(Launcher.java:79)
	at java.lang.Thread.run(Thread.java:745)
