[2015.12.03 11:04:50][ERROR] RdsDeployer.java(279) - Cannot partially upload or reinstall
org.eclipse.core.runtime.CoreException: [RDS] Cannot install application
	at org.tizen.common.rds.RdsDeployer.newCoreException(RdsDeployer.java:708)
	at org.tizen.common.rds.RdsDeployer.postInstall(RdsDeployer.java:643)
	at org.tizen.common.rds.RdsDeployer.partialZipInstall(RdsDeployer.java:575)
	at org.tizen.common.rds.RdsDeployer.deploy(RdsDeployer.java:277)
	at org.tizen.nativecommon.launch.TizenLaunchDelegate2.deployApplication(TizenLaunchDelegate2.java:859)
	at org.tizen.nativecommon.launch.TizenLaunchDelegate2.launchApplicationForRun(TizenLaunchDelegate2.java:560)
	at org.tizen.nativecommon.launch.TizenLaunchDelegate2.launch(TizenLaunchDelegate2.java:240)
	at org.eclipse.debug.internal.core.LaunchConfiguration.launch(LaunchConfiguration.java:858)
	at org.eclipse.debug.internal.core.LaunchConfiguration.launch(LaunchConfiguration.java:707)
	at org.eclipse.debug.internal.ui.DebugUIPlugin.buildAndLaunch(DebugUIPlugin.java:1018)
	at org.eclipse.debug.internal.ui.DebugUIPlugin$8.run(DebugUIPlugin.java:1222)
	at org.eclipse.core.internal.jobs.Worker.run(Worker.java:53)
Caused by: org.tizen.common.sdb.command.message.CommandErrorException: 
Error code: FATAL_ERROR
Error message: 
Command: /usr/bin/pkgcmd -q -r -t tpk -n org.tizen.dict
Management: Installation or uninstallation is not working temporarily.

	at org.tizen.common.sdb.command.message.PkgcmdErrorType.makeException(PkgcmdErrorType.java:91)
	at org.tizen.common.sdb.command.SdbCommand.runCommand(SdbCommand.java:157)
	at org.tizen.common.rds.RdsDeployer.postInstall(RdsDeployer.java:638)
	... 10 more
[2015.12.03 11:38:40][ERROR] RdsDeployer.java(279) - Cannot partially upload or reinstall
org.eclipse.core.runtime.CoreException: [RDS] Failed to push file(s)
	at org.tizen.common.rds.RdsDeployer.newCoreException(RdsDeployer.java:708)
	at org.tizen.common.rds.RdsDeployer.partialZipInstall(RdsDeployer.java:556)
	at org.tizen.common.rds.RdsDeployer.deploy(RdsDeployer.java:277)
	at org.tizen.web.zimlaunch.step.RdsStep.runRds(RdsStep.java:225)
	at org.tizen.web.zimlaunch.step.RdsStep.executeStep(RdsStep.java:139)
	at org.tizen.web.zimlaunch.core.CompositeStep.executeStep(CompositeStep.java:112)
	at org.tizen.web.zimlaunch.deployer.ZimLaunchDelegate.launch(ZimLaunchDelegate.java:258)
	at org.eclipse.debug.internal.core.LaunchConfiguration.launch(LaunchConfiguration.java:858)
	at org.eclipse.debug.internal.core.LaunchConfiguration.launch(LaunchConfiguration.java:707)
	at org.eclipse.debug.internal.ui.DebugUIPlugin.buildAndLaunch(DebugUIPlugin.java:1018)
	at org.eclipse.debug.internal.ui.DebugUIPlugin$8.run(DebugUIPlugin.java:1222)
	at org.eclipse.core.internal.jobs.Worker.run(Worker.java:53)
Caused by: java.lang.Exception
	at org.tizen.web.zimlaunch.util.CommandLauncher.runCommand(CommandLauncher.java:597)
	at org.tizen.common.rds.RdsDeployer.partialZipInstall(RdsDeployer.java:549)
	... 10 more
[2015.12.03 11:49:36][ERROR] RdsDeployer.java(279) - Cannot partially upload or reinstall
org.eclipse.core.runtime.CoreException: [RDS] Failed to push file(s)
	at org.tizen.common.rds.RdsDeployer.newCoreException(RdsDeployer.java:708)
	at org.tizen.common.rds.RdsDeployer.partialZipInstall(RdsDeployer.java:556)
	at org.tizen.common.rds.RdsDeployer.deploy(RdsDeployer.java:277)
	at org.tizen.web.zimlaunch.step.RdsStep.runRds(RdsStep.java:225)
	at org.tizen.web.zimlaunch.step.RdsStep.executeStep(RdsStep.java:139)
	at org.tizen.web.zimlaunch.core.CompositeStep.executeStep(CompositeStep.java:112)
	at org.tizen.web.zimlaunch.deployer.ZimLaunchDelegate.launch(ZimLaunchDelegate.java:258)
	at org.eclipse.debug.internal.core.LaunchConfiguration.launch(LaunchConfiguration.java:858)
	at org.eclipse.debug.internal.core.LaunchConfiguration.launch(LaunchConfiguration.java:707)
	at org.eclipse.debug.internal.ui.DebugUIPlugin.buildAndLaunch(DebugUIPlugin.java:1018)
	at org.eclipse.debug.internal.ui.DebugUIPlugin$8.run(DebugUIPlugin.java:1222)
	at org.eclipse.core.internal.jobs.Worker.run(Worker.java:53)
Caused by: java.lang.Exception
	at org.tizen.web.zimlaunch.util.CommandLauncher.runCommand(CommandLauncher.java:597)
	at org.tizen.common.rds.RdsDeployer.partialZipInstall(RdsDeployer.java:549)
	... 10 more
[2015.12.03 11:50:53][ERROR] RdsDeployer.java(279) - Cannot partially upload or reinstall
org.eclipse.core.runtime.CoreException: [RDS] Cannot install application
	at org.tizen.common.rds.RdsDeployer.newCoreException(RdsDeployer.java:708)
	at org.tizen.common.rds.RdsDeployer.postInstall(RdsDeployer.java:643)
	at org.tizen.common.rds.RdsDeployer.partialZipInstall(RdsDeployer.java:575)
	at org.tizen.common.rds.RdsDeployer.deploy(RdsDeployer.java:277)
	at org.tizen.web.zimlaunch.step.RdsStep.runRds(RdsStep.java:225)
	at org.tizen.web.zimlaunch.step.RdsStep.executeStep(RdsStep.java:139)
	at org.tizen.web.zimlaunch.core.CompositeStep.executeStep(CompositeStep.java:112)
	at org.tizen.web.zimlaunch.deployer.ZimLaunchDelegate.launch(ZimLaunchDelegate.java:258)
	at org.eclipse.debug.internal.core.LaunchConfiguration.launch(LaunchConfiguration.java:858)
	at org.eclipse.debug.internal.core.LaunchConfiguration.launch(LaunchConfiguration.java:707)
	at org.eclipse.debug.internal.ui.DebugUIPlugin.buildAndLaunch(DebugUIPlugin.java:1018)
	at org.eclipse.debug.internal.ui.DebugUIPlugin$8.run(DebugUIPlugin.java:1222)
	at org.eclipse.core.internal.jobs.Worker.run(Worker.java:53)
Caused by: org.tizen.common.sdb.command.message.CommandErrorException: 
Error code: PACKAGE_INVALID
Error message: File is missed /opt/usr/apps/LqiI8g3Kbg/res/wgt/Basic.wgt
Command: /usr/bin/pkgcmd -q -r -t wgt -n LqiI8g3Kbg
Management: Check package components in Project Explorer.

	at org.tizen.common.sdb.command.message.PkgcmdErrorType.makeException(PkgcmdErrorType.java:91)
	at org.tizen.common.sdb.command.SdbCommand.runCommand(SdbCommand.java:157)
	at org.tizen.common.rds.RdsDeployer.postInstall(RdsDeployer.java:638)
	... 11 more
[2015.12.03 11:52:26][ERROR] RdsDeployer.java(279) - Cannot partially upload or reinstall
org.eclipse.core.runtime.CoreException: [RDS] Cannot install application
	at org.tizen.common.rds.RdsDeployer.newCoreException(RdsDeployer.java:708)
	at org.tizen.common.rds.RdsDeployer.postInstall(RdsDeployer.java:643)
	at org.tizen.common.rds.RdsDeployer.partialZipInstall(RdsDeployer.java:575)
	at org.tizen.common.rds.RdsDeployer.deploy(RdsDeployer.java:277)
	at org.tizen.web.zimlaunch.step.RdsStep.runRds(RdsStep.java:225)
	at org.tizen.web.zimlaunch.step.RdsStep.executeStep(RdsStep.java:139)
	at org.tizen.web.zimlaunch.core.CompositeStep.executeStep(CompositeStep.java:112)
	at org.tizen.web.zimlaunch.deployer.ZimLaunchDelegate.launch(ZimLaunchDelegate.java:258)
	at org.eclipse.debug.internal.core.LaunchConfiguration.launch(LaunchConfiguration.java:858)
	at org.eclipse.debug.internal.core.LaunchConfiguration.launch(LaunchConfiguration.java:707)
	at org.eclipse.debug.internal.ui.DebugUIPlugin.buildAndLaunch(DebugUIPlugin.java:1018)
	at org.eclipse.debug.internal.ui.DebugUIPlugin$8.run(DebugUIPlugin.java:1222)
	at org.eclipse.core.internal.jobs.Worker.run(Worker.java:53)
Caused by: org.tizen.common.sdb.command.message.CommandErrorException: 
Error code: PACKAGE_INVALID
Error message: File is missed /opt/usr/apps/LqiI8g3Kbg/res/wgt/Basic.wgt
Command: /usr/bin/pkgcmd -q -r -t wgt -n LqiI8g3Kbg
Management: Check package components in Project Explorer.

	at org.tizen.common.sdb.command.message.PkgcmdErrorType.makeException(PkgcmdErrorType.java:91)
	at org.tizen.common.sdb.command.SdbCommand.runCommand(SdbCommand.java:157)
	at org.tizen.common.rds.RdsDeployer.postInstall(RdsDeployer.java:638)
	... 11 more
[2015.12.03 12:02:05][ERROR] RdsDeployer.java(279) - Cannot partially upload or reinstall
org.eclipse.core.runtime.CoreException: [RDS] Cannot install application
	at org.tizen.common.rds.RdsDeployer.newCoreException(RdsDeployer.java:708)
	at org.tizen.common.rds.RdsDeployer.postInstall(RdsDeployer.java:643)
	at org.tizen.common.rds.RdsDeployer.partialZipInstall(RdsDeployer.java:575)
	at org.tizen.common.rds.RdsDeployer.deploy(RdsDeployer.java:277)
	at org.tizen.web.zimlaunch.step.RdsStep.runRds(RdsStep.java:225)
	at org.tizen.web.zimlaunch.step.RdsStep.executeStep(RdsStep.java:139)
	at org.tizen.web.zimlaunch.core.CompositeStep.executeStep(CompositeStep.java:112)
	at org.tizen.web.zimlaunch.deployer.ZimLaunchDelegate.launch(ZimLaunchDelegate.java:258)
	at org.eclipse.debug.internal.core.LaunchConfiguration.launch(LaunchConfiguration.java:858)
	at org.eclipse.debug.internal.core.LaunchConfiguration.launch(LaunchConfiguration.java:707)
	at org.eclipse.debug.internal.ui.DebugUIPlugin.buildAndLaunch(DebugUIPlugin.java:1018)
	at org.eclipse.debug.internal.ui.DebugUIPlugin$8.run(DebugUIPlugin.java:1222)
	at org.eclipse.core.internal.jobs.Worker.run(Worker.java:53)
Caused by: org.tizen.common.sdb.command.message.CommandErrorException: 
Error code: PACKAGE_INVALID
Error message: File is missed /opt/usr/apps/LqiI8g3Kbg/res/wgt/Basic.wgt
Command: /usr/bin/pkgcmd -q -r -t wgt -n LqiI8g3Kbg
Management: Check package components in Project Explorer.

	at org.tizen.common.sdb.command.message.PkgcmdErrorType.makeException(PkgcmdErrorType.java:91)
	at org.tizen.common.sdb.command.SdbCommand.runCommand(SdbCommand.java:157)
	at org.tizen.common.rds.RdsDeployer.postInstall(RdsDeployer.java:638)
	... 11 more
[2015.12.03 12:34:46][ERROR] RdsDeployer.java(279) - Cannot partially upload or reinstall
org.eclipse.core.runtime.CoreException: [RDS] Cannot install application
	at org.tizen.common.rds.RdsDeployer.newCoreException(RdsDeployer.java:708)
	at org.tizen.common.rds.RdsDeployer.postInstall(RdsDeployer.java:643)
	at org.tizen.common.rds.RdsDeployer.partialZipInstall(RdsDeployer.java:575)
	at org.tizen.common.rds.RdsDeployer.deploy(RdsDeployer.java:277)
	at org.tizen.web.zimlaunch.step.RdsStep.runRds(RdsStep.java:225)
	at org.tizen.web.zimlaunch.step.RdsStep.executeStep(RdsStep.java:139)
	at org.tizen.web.zimlaunch.core.CompositeStep.executeStep(CompositeStep.java:112)
	at org.tizen.web.zimlaunch.deployer.ZimLaunchDelegate.launch(ZimLaunchDelegate.java:258)
	at org.eclipse.debug.internal.core.LaunchConfiguration.launch(LaunchConfiguration.java:858)
	at org.eclipse.debug.internal.core.LaunchConfiguration.launch(LaunchConfiguration.java:707)
	at org.eclipse.debug.internal.ui.DebugUIPlugin.buildAndLaunch(DebugUIPlugin.java:1018)
	at org.eclipse.debug.internal.ui.DebugUIPlugin$8.run(DebugUIPlugin.java:1222)
	at org.eclipse.core.internal.jobs.Worker.run(Worker.java:53)
Caused by: org.tizen.common.sdb.command.message.CommandErrorException: 
Error code: PACKAGE_INVALID
Error message: File is missed /opt/usr/apps/LqiI8g3Kbg/res/wgt/Basic.wgt
Command: /usr/bin/pkgcmd -q -r -t wgt -n LqiI8g3Kbg
Management: Check package components in Project Explorer.

	at org.tizen.common.sdb.command.message.PkgcmdErrorType.makeException(PkgcmdErrorType.java:91)
	at org.tizen.common.sdb.command.SdbCommand.runCommand(SdbCommand.java:157)
	at org.tizen.common.rds.RdsDeployer.postInstall(RdsDeployer.java:638)
	... 11 more
[2015.12.03 12:38:33][ERROR] RdsDeployer.java(279) - Cannot partially upload or reinstall
org.eclipse.core.runtime.CoreException: [RDS] Cannot install application
	at org.tizen.common.rds.RdsDeployer.newCoreException(RdsDeployer.java:708)
	at org.tizen.common.rds.RdsDeployer.postInstall(RdsDeployer.java:643)
	at org.tizen.common.rds.RdsDeployer.partialZipInstall(RdsDeployer.java:575)
	at org.tizen.common.rds.RdsDeployer.deploy(RdsDeployer.java:277)
	at org.tizen.web.zimlaunch.step.RdsStep.runRds(RdsStep.java:225)
	at org.tizen.web.zimlaunch.step.RdsStep.executeStep(RdsStep.java:139)
	at org.tizen.web.zimlaunch.core.CompositeStep.executeStep(CompositeStep.java:112)
	at org.tizen.web.zimlaunch.deployer.ZimLaunchDelegate.launch(ZimLaunchDelegate.java:258)
	at org.eclipse.debug.internal.core.LaunchConfiguration.launch(LaunchConfiguration.java:858)
	at org.eclipse.debug.internal.core.LaunchConfiguration.launch(LaunchConfiguration.java:707)
	at org.eclipse.debug.internal.ui.DebugUIPlugin.buildAndLaunch(DebugUIPlugin.java:1018)
	at org.eclipse.debug.internal.ui.DebugUIPlugin$8.run(DebugUIPlugin.java:1222)
	at org.eclipse.core.internal.jobs.Worker.run(Worker.java:53)
Caused by: org.tizen.common.sdb.command.message.CommandErrorException: 
Error code: PACKAGE_INVALID
Error message: File is missed /opt/usr/apps/LqiI8g3Kbg/res/wgt/Basic.wgt
Command: /usr/bin/pkgcmd -q -r -t wgt -n LqiI8g3Kbg
Management: Check package components in Project Explorer.

	at org.tizen.common.sdb.command.message.PkgcmdErrorType.makeException(PkgcmdErrorType.java:91)
	at org.tizen.common.sdb.command.SdbCommand.runCommand(SdbCommand.java:157)
	at org.tizen.common.rds.RdsDeployer.postInstall(RdsDeployer.java:638)
	... 11 more
[2015.12.03 12:41:57][ERROR] RdsDeployer.java(279) - Cannot partially upload or reinstall
org.eclipse.core.runtime.CoreException: [RDS] Failed to push file(s)
	at org.tizen.common.rds.RdsDeployer.newCoreException(RdsDeployer.java:708)
	at org.tizen.common.rds.RdsDeployer.partialZipInstall(RdsDeployer.java:556)
	at org.tizen.common.rds.RdsDeployer.deploy(RdsDeployer.java:277)
	at org.tizen.web.zimlaunch.step.RdsStep.runRds(RdsStep.java:225)
	at org.tizen.web.zimlaunch.step.RdsStep.executeStep(RdsStep.java:139)
	at org.tizen.web.zimlaunch.core.CompositeStep.executeStep(CompositeStep.java:112)
	at org.tizen.web.zimlaunch.deployer.ZimLaunchDelegate.launch(ZimLaunchDelegate.java:258)
	at org.eclipse.debug.internal.core.LaunchConfiguration.launch(LaunchConfiguration.java:858)
	at org.eclipse.debug.internal.core.LaunchConfiguration.launch(LaunchConfiguration.java:707)
	at org.eclipse.debug.internal.ui.DebugUIPlugin.buildAndLaunch(DebugUIPlugin.java:1018)
	at org.eclipse.debug.internal.ui.DebugUIPlugin$8.run(DebugUIPlugin.java:1222)
	at org.eclipse.core.internal.jobs.Worker.run(Worker.java:53)
Caused by: java.lang.Exception
	at org.tizen.web.zimlaunch.util.CommandLauncher.runCommand(CommandLauncher.java:597)
	at org.tizen.common.rds.RdsDeployer.partialZipInstall(RdsDeployer.java:549)
	... 10 more
