03:12:23 E/DeviceMonitor: sdb connection Error:null
03:12:23 E/DeviceMonitor: Failed to open socket channel
03:12:23 E/DeviceMonitor: Connection refused
java.net.ConnectException: Connection refused
	at sun.nio.ch.Net.connect0(Native Method)
	at sun.nio.ch.Net.connect(Net.java:458)
	at sun.nio.ch.Net.connect(Net.java:450)
	at sun.nio.ch.SocketChannelImpl.connect(SocketChannelImpl.java:648)
	at java.nio.channels.SocketChannel.open(SocketChannel.java:189)
	at org.tizen.sdblib.SmartDevelopmentBridge.openChannel(SmartDevelopmentBridge.java:152)
	at org.tizen.sdblib.DeviceMonitor.openSdbConnection(DeviceMonitor.java:168)
	at org.tizen.sdblib.DeviceMonitor.process(DeviceMonitor.java:389)
	at org.tizen.sdblib.daemon.AbstractServer.run(AbstractServer.java:242)
	at java.lang.Thread.run(Thread.java:745)

03:12:32 E/DeviceMonitor: sdb connection Error:null
03:12:32 E/DeviceMonitor: Failed to open socket channel
03:12:32 E/DeviceMonitor: Connection refused
java.net.ConnectException: Connection refused
	at sun.nio.ch.Net.connect0(Native Method)
	at sun.nio.ch.Net.connect(Net.java:458)
	at sun.nio.ch.Net.connect(Net.java:450)
	at sun.nio.ch.SocketChannelImpl.connect(SocketChannelImpl.java:648)
	at java.nio.channels.SocketChannel.open(SocketChannel.java:189)
	at org.tizen.sdblib.SmartDevelopmentBridge.openChannel(SmartDevelopmentBridge.java:152)
	at org.tizen.sdblib.DeviceMonitor.openSdbConnection(DeviceMonitor.java:168)
	at org.tizen.sdblib.DeviceMonitor.process(DeviceMonitor.java:389)
	at org.tizen.sdblib.daemon.AbstractServer.run(AbstractServer.java:242)
	at java.lang.Thread.run(Thread.java:745)

04:05:35 E/DeviceMonitor: sdb connection Error:null
04:05:35 E/DeviceMonitor: Failed to open socket channel
04:05:35 E/DeviceMonitor: Connection refused
java.net.ConnectException: Connection refused
	at sun.nio.ch.Net.connect0(Native Method)
	at sun.nio.ch.Net.connect(Net.java:458)
	at sun.nio.ch.Net.connect(Net.java:450)
	at sun.nio.ch.SocketChannelImpl.connect(SocketChannelImpl.java:648)
	at java.nio.channels.SocketChannel.open(SocketChannel.java:189)
	at org.tizen.sdblib.SmartDevelopmentBridge.openChannel(SmartDevelopmentBridge.java:152)
	at org.tizen.sdblib.DeviceMonitor.openSdbConnection(DeviceMonitor.java:168)
	at org.tizen.sdblib.DeviceMonitor.process(DeviceMonitor.java:389)
	at org.tizen.sdblib.daemon.AbstractServer.run(AbstractServer.java:242)
	at java.lang.Thread.run(Thread.java:745)

04:05:42 E/DeviceMonitor: sdb connection Error:null
04:05:42 E/DeviceMonitor: Failed to open socket channel
04:05:42 E/DeviceMonitor: Connection refused
java.net.ConnectException: Connection refused
	at sun.nio.ch.Net.connect0(Native Method)
	at sun.nio.ch.Net.connect(Net.java:458)
	at sun.nio.ch.Net.connect(Net.java:450)
	at sun.nio.ch.SocketChannelImpl.connect(SocketChannelImpl.java:648)
	at java.nio.channels.SocketChannel.open(SocketChannel.java:189)
	at org.tizen.sdblib.SmartDevelopmentBridge.openChannel(SmartDevelopmentBridge.java:152)
	at org.tizen.sdblib.DeviceMonitor.openSdbConnection(DeviceMonitor.java:168)
	at org.tizen.sdblib.DeviceMonitor.process(DeviceMonitor.java:389)
	at org.tizen.sdblib.daemon.AbstractServer.run(AbstractServer.java:242)
	at java.lang.Thread.run(Thread.java:745)

